<?xml version="1.0" encoding="UTF-8"?>
<!-- Generated by org.testng.reporters.JUnitXMLReporter -->
<testsuite hostname="Nallans-NewPC" ignored="0" name="TaskPageTest" tests="4" failures="0" timestamp="13 Feb 2018 18:20:24 GMT" time="127.2" errors="0">
  <testcase name="verifyCreateNewTaskLinkTest" time="3.054" classname="com.JusDone.qa.TestCases.TaskPageTest"/>
  <testcase name="verifyMembersLinkTest" time="0.058" classname="com.JusDone.qa.TestCases.TaskPageTest"/>
  <testcase name="verifySettingsLinkTest" time="0.07" classname="com.JusDone.qa.TestCases.TaskPageTest"/>
  <testcase name="ClickCreateNewTaskLinkTest" time="4.34" classname="com.JusDone.qa.TestCases.TaskPageTest"/>
</testsuite> <!-- TaskPageTest -->
