<?xml version="1.0" encoding="UTF-8"?>
<testsuite xmlns:xsi="http://www.w3.org/2001/XMLSchema-instance" xsi:noNamespaceSchemaLocation="https://maven.apache.org/surefire/maven-surefire-plugin/xsd/surefire-test-report.xsd" name="TestSuite" time="967.499" tests="50" errors="0" skipped="5" failures="4">
  <properties>
[...]
</properties>
  <testcase name="verifyLoginNameTest" classname="com.JusDone.qa.TestCases.LoginPageTest" time="0.126"/>
  <testcase name="verifyLForgotPwdTest" classname="com.JusDone.qa.TestCases.LoginPageTest" time="0.057"/>
  <testcase name="verifyLoginBtnTest" classname="com.JusDone.qa.TestCases.LoginPageTest" time="0.066"/>
  <testcase name="verifyLRememberMeTest" classname="com.JusDone.qa.TestCases.LoginPageTest" time="0.079">
    <failure message="expected [true] but found [false]" type="java.lang.AssertionError">java.lang.AssertionError: expected [true] but found [false]
	at com.JusDone.qa.TestCases.LoginPageTest.verifyLRememberMeTest(LoginPageTest.java:62)
</failure>
    <system-out><![CDATA[02-16-2018 14:17:10 RequestAddCookies.java DEBUG [Forwarding quit on session 488c5d79-b782-45df-9622-88aa42002a8e to remote] protocol.RequestAddCookies 123 - CookieSpec selected: default
02-16-2018 14:17:10 RequestAuthCache.java DEBUG [Forwarding quit on session 488c5d79-b782-45df-9622-88aa42002a8e to remote] protocol.RequestAuthCache 77 - Auth cache not set in the context
02-16-2018 14:17:10 PoolingHttpClientConnectionManager.java DEBUG [Forwarding quit on session 488c5d79-b782-45df-9622-88aa42002a8e to remote] conn.PoolingHttpClientConnectionManager 255 - Connection request: [route: {}->http://localhost:22415][total kept alive: 0; route allocated: 0 of 2000; total allocated: 0 of 2000]
02-16-2018 14:17:10 PoolingHttpClientConnectionManager.java DEBUG [Forwarding quit on session 488c5d79-b782-45df-9622-88aa42002a8e to remote] conn.PoolingHttpClientConnectionManager 288 - Connection leased: [id: 29][route: {}->http://localhost:22415][total kept alive: 0; route allocated: 1 of 2000; total allocated: 1 of 2000]
02-16-2018 14:17:10 MainClientExec.java DEBUG [Forwarding quit on session 488c5d79-b782-45df-9622-88aa42002a8e to remote] execchain.MainClientExec 235 - Opening connection {}->http://localhost:22415
02-16-2018 14:17:10 DefaultHttpClientConnectionOperator.java DEBUG [Forwarding quit on session 488c5d79-b782-45df-9622-88aa42002a8e to remote] conn.DefaultHttpClientConnectionOperator 139 - Connecting to localhost/127.0.0.1:22415
02-16-2018 14:17:10 DefaultHttpClientConnectionOperator.java DEBUG [Forwarding quit on session 488c5d79-b782-45df-9622-88aa42002a8e to remote] conn.DefaultHttpClientConnectionOperator 146 - Connection established 127.0.0.1:56514<->127.0.0.1:22415
02-16-2018 14:17:10 LoggingManagedHttpClientConnection.java DEBUG [Forwarding quit on session 488c5d79-b782-45df-9622-88aa42002a8e to remote] conn.DefaultManagedHttpClientConnection 88 - http-outgoing-29: set socket timeout to 10800000
02-16-2018 14:17:10 MainClientExec.java DEBUG [Forwarding quit on session 488c5d79-b782-45df-9622-88aa42002a8e to remote] execchain.MainClientExec 256 - Executing request DELETE /session/488c5d79-b782-45df-9622-88aa42002a8e HTTP/1.1
02-16-2018 14:17:10 MainClientExec.java DEBUG [Forwarding quit on session 488c5d79-b782-45df-9622-88aa42002a8e to remote] execchain.MainClientExec 261 - Target auth state: UNCHALLENGED
02-16-2018 14:17:10 MainClientExec.java DEBUG [Forwarding quit on session 488c5d79-b782-45df-9622-88aa42002a8e to remote] execchain.MainClientExec 267 - Proxy auth state: UNCHALLENGED
02-16-2018 14:17:10 LoggingManagedHttpClientConnection.java DEBUG [Forwarding quit on session 488c5d79-b782-45df-9622-88aa42002a8e to remote] http.headers 133 - http-outgoing-29 >> DELETE /session/488c5d79-b782-45df-9622-88aa42002a8e HTTP/1.1
02-16-2018 14:17:10 LoggingManagedHttpClientConnection.java DEBUG [Forwarding quit on session 488c5d79-b782-45df-9622-88aa42002a8e to remote] http.headers 136 - http-outgoing-29 >> Host: localhost:22415
02-16-2018 14:17:10 LoggingManagedHttpClientConnection.java DEBUG [Forwarding quit on session 488c5d79-b782-45df-9622-88aa42002a8e to remote] http.headers 136 - http-outgoing-29 >> Connection: Keep-Alive
02-16-2018 14:17:10 LoggingManagedHttpClientConnection.java DEBUG [Forwarding quit on session 488c5d79-b782-45df-9622-88aa42002a8e to remote] http.headers 136 - http-outgoing-29 >> User-Agent: Apache-HttpClient/4.5.3 (Java/1.8.0_151)
02-16-2018 14:17:10 LoggingManagedHttpClientConnection.java DEBUG [Forwarding quit on session 488c5d79-b782-45df-9622-88aa42002a8e to remote] http.headers 136 - http-outgoing-29 >> Accept-Encoding: gzip,deflate
02-16-2018 14:17:10 Wire.java DEBUG [Forwarding quit on session 488c5d79-b782-45df-9622-88aa42002a8e to remote] http.wire 73 - http-outgoing-29 >> "DELETE /session/488c5d79-b782-45df-9622-88aa42002a8e HTTP/1.1[\r][\n]"
02-16-2018 14:17:10 Wire.java DEBUG [Forwarding quit on session 488c5d79-b782-45df-9622-88aa42002a8e to remote] http.wire 73 - http-outgoing-29 >> "Host: localhost:22415[\r][\n]"
02-16-2018 14:17:10 Wire.java DEBUG [Forwarding quit on session 488c5d79-b782-45df-9622-88aa42002a8e to remote] http.wire 73 - http-outgoing-29 >> "Connection: Keep-Alive[\r][\n]"
02-16-2018 14:17:10 Wire.java DEBUG [Forwarding quit on session 488c5d79-b782-45df-9622-88aa42002a8e to remote] http.wire 73 - http-outgoing-29 >> "User-Agent: Apache-HttpClient/4.5.3 (Java/1.8.0_151)[\r][\n]"
02-16-2018 14:17:10 Wire.java DEBUG [Forwarding quit on session 488c5d79-b782-45df-9622-88aa42002a8e to remote] http.wire 73 - http-outgoing-29 >> "Accept-Encoding: gzip,deflate[\r][\n]"
02-16-2018 14:17:10 Wire.java DEBUG [Forwarding quit on session 488c5d79-b782-45df-9622-88aa42002a8e to remote] http.wire 73 - http-outgoing-29 >> "[\r][\n]"
02-16-2018 14:17:10 Wire.java DEBUG [Forwarding quit on session 488c5d79-b782-45df-9622-88aa42002a8e to remote] http.wire 73 - http-outgoing-29 << "HTTP/1.1 200 OK[\r][\n]"
02-16-2018 14:17:10 Wire.java DEBUG [Forwarding quit on session 488c5d79-b782-45df-9622-88aa42002a8e to remote] http.wire 73 - http-outgoing-29 << "Connection: close[\r][\n]"
02-16-2018 14:17:10 Wire.java DEBUG [Forwarding quit on session 488c5d79-b782-45df-9622-88aa42002a8e to remote] http.wire 73 - http-outgoing-29 << "Content-Type: application/json; charset=utf-8[\r][\n]"
02-16-2018 14:17:10 Wire.java DEBUG [Forwarding quit on session 488c5d79-b782-45df-9622-88aa42002a8e to remote] http.wire 73 - http-outgoing-29 << "Cache-Control: no-cache[\r][\n]"
02-16-2018 14:17:10 Wire.java DEBUG [Forwarding quit on session 488c5d79-b782-45df-9622-88aa42002a8e to remote] http.wire 73 - http-outgoing-29 << "Content-Length: 13[\r][\n]"
02-16-2018 14:17:10 Wire.java DEBUG [Forwarding quit on session 488c5d79-b782-45df-9622-88aa42002a8e to remote] http.wire 73 - http-outgoing-29 << "Date: Fri, 16 Feb 2018 20:17:10 GMT[\r][\n]"
02-16-2018 14:17:10 Wire.java DEBUG [Forwarding quit on session 488c5d79-b782-45df-9622-88aa42002a8e to remote] http.wire 73 - http-outgoing-29 << "[\r][\n]"
02-16-2018 14:17:10 Wire.java DEBUG [Forwarding quit on session 488c5d79-b782-45df-9622-88aa42002a8e to remote] http.wire 87 - http-outgoing-29 << "{"value": {}}"
02-16-2018 14:17:10 LoggingManagedHttpClientConnection.java DEBUG [Forwarding quit on session 488c5d79-b782-45df-9622-88aa42002a8e to remote] http.headers 122 - http-outgoing-29 << HTTP/1.1 200 OK
02-16-2018 14:17:10 LoggingManagedHttpClientConnection.java DEBUG [Forwarding quit on session 488c5d79-b782-45df-9622-88aa42002a8e to remote] http.headers 125 - http-outgoing-29 << Connection: close
02-16-2018 14:17:10 LoggingManagedHttpClientConnection.java DEBUG [Forwarding quit on session 488c5d79-b782-45df-9622-88aa42002a8e to remote] http.headers 125 - http-outgoing-29 << Content-Type: application/json; charset=utf-8
02-16-2018 14:17:10 LoggingManagedHttpClientConnection.java DEBUG [Forwarding quit on session 488c5d79-b782-45df-9622-88aa42002a8e to remote] http.headers 125 - http-outgoing-29 << Cache-Control: no-cache
02-16-2018 14:17:10 LoggingManagedHttpClientConnection.java DEBUG [Forwarding quit on session 488c5d79-b782-45df-9622-88aa42002a8e to remote] http.headers 125 - http-outgoing-29 << Content-Length: 13
02-16-2018 14:17:10 LoggingManagedHttpClientConnection.java DEBUG [Forwarding quit on session 488c5d79-b782-45df-9622-88aa42002a8e to remote] http.headers 125 - http-outgoing-29 << Date: Fri, 16 Feb 2018 20:17:10 GMT
02-16-2018 14:17:10 LoggingManagedHttpClientConnection.java DEBUG [Forwarding quit on session 488c5d79-b782-45df-9622-88aa42002a8e to remote] conn.DefaultManagedHttpClientConnection 79 - http-outgoing-29: Close connection
02-16-2018 14:17:10 ConnectionHolder.java DEBUG [Forwarding quit on session 488c5d79-b782-45df-9622-88aa42002a8e to remote] execchain.MainClientExec 104 - Connection discarded
02-16-2018 14:17:10 PoolingHttpClientConnectionManager.java DEBUG [Forwarding quit on session 488c5d79-b782-45df-9622-88aa42002a8e to remote] conn.PoolingHttpClientConnectionManager 326 - Connection released: [id: 29][route: {}->http://localhost:22415][total kept alive: 0; route allocated: 0 of 2000; total allocated: 0 of 2000]
02-16-2018 14:17:10 PoolingHttpClientConnectionManager.java DEBUG [Forwarding quit on session 488c5d79-b782-45df-9622-88aa42002a8e to remote] conn.PoolingHttpClientConnectionManager 407 - Closing connections idle longer than 0 SECONDS
02-16-2018 14:17:10 RequestAddCookies.java DEBUG [Forwarding newSession on session null to remote] protocol.RequestAddCookies 123 - CookieSpec selected: default
02-16-2018 14:17:10 RequestAuthCache.java DEBUG [Forwarding newSession on session null to remote] protocol.RequestAuthCache 77 - Auth cache not set in the context
02-16-2018 14:17:10 PoolingHttpClientConnectionManager.java DEBUG [Forwarding newSession on session null to remote] conn.PoolingHttpClientConnectionManager 255 - Connection request: [route: {}->http://localhost:15193][total kept alive: 0; route allocated: 0 of 2000; total allocated: 0 of 2000]
02-16-2018 14:17:10 PoolingHttpClientConnectionManager.java DEBUG [Forwarding newSession on session null to remote] conn.PoolingHttpClientConnectionManager 288 - Connection leased: [id: 30][route: {}->http://localhost:15193][total kept alive: 0; route allocated: 1 of 2000; total allocated: 1 of 2000]
02-16-2018 14:17:10 MainClientExec.java DEBUG [Forwarding newSession on session null to remote] execchain.MainClientExec 235 - Opening connection {}->http://localhost:15193
02-16-2018 14:17:10 DefaultHttpClientConnectionOperator.java DEBUG [Forwarding newSession on session null to remote] conn.DefaultHttpClientConnectionOperator 139 - Connecting to localhost/127.0.0.1:15193
02-16-2018 14:17:10 DefaultHttpClientConnectionOperator.java DEBUG [Forwarding newSession on session null to remote] conn.DefaultHttpClientConnectionOperator 146 - Connection established 127.0.0.1:56516<->127.0.0.1:15193
02-16-2018 14:17:10 LoggingManagedHttpClientConnection.java DEBUG [Forwarding newSession on session null to remote] conn.DefaultManagedHttpClientConnection 88 - http-outgoing-30: set socket timeout to 10800000
02-16-2018 14:17:10 MainClientExec.java DEBUG [Forwarding newSession on session null to remote] execchain.MainClientExec 256 - Executing request POST /session HTTP/1.1
02-16-2018 14:17:10 MainClientExec.java DEBUG [Forwarding newSession on session null to remote] execchain.MainClientExec 261 - Target auth state: UNCHALLENGED
02-16-2018 14:17:10 MainClientExec.java DEBUG [Forwarding newSession on session null to remote] execchain.MainClientExec 267 - Proxy auth state: UNCHALLENGED
02-16-2018 14:17:10 LoggingManagedHttpClientConnection.java DEBUG [Forwarding newSession on session null to remote] http.headers 133 - http-outgoing-30 >> POST /session HTTP/1.1
02-16-2018 14:17:10 LoggingManagedHttpClientConnection.java DEBUG [Forwarding newSession on session null to remote] http.headers 136 - http-outgoing-30 >> Content-Type: application/json; charset=utf-8
02-16-2018 14:17:10 LoggingManagedHttpClientConnection.java DEBUG [Forwarding newSession on session null to remote] http.headers 136 - http-outgoing-30 >> Content-Length: 404
02-16-2018 14:17:10 LoggingManagedHttpClientConnection.java DEBUG [Forwarding newSession on session null to remote] http.headers 136 - http-outgoing-30 >> Host: localhost:15193
02-16-2018 14:17:10 LoggingManagedHttpClientConnection.java DEBUG [Forwarding newSession on session null to remote] http.headers 136 - http-outgoing-30 >> Connection: Keep-Alive
02-16-2018 14:17:10 LoggingManagedHttpClientConnection.java DEBUG [Forwarding newSession on session null to remote] http.headers 136 - http-outgoing-30 >> User-Agent: Apache-HttpClient/4.5.3 (Java/1.8.0_151)
02-16-2018 14:17:10 LoggingManagedHttpClientConnection.java DEBUG [Forwarding newSession on session null to remote] http.headers 136 - http-outgoing-30 >> Accept-Encoding: gzip,deflate
02-16-2018 14:17:10 Wire.java DEBUG [Forwarding newSession on session null to remote] http.wire 73 - http-outgoing-30 >> "POST /session HTTP/1.1[\r][\n]"
02-16-2018 14:17:10 Wire.java DEBUG [Forwarding newSession on session null to remote] http.wire 73 - http-outgoing-30 >> "Content-Type: application/json; charset=utf-8[\r][\n]"
02-16-2018 14:17:10 Wire.java DEBUG [Forwarding newSession on session null to remote] http.wire 73 - http-outgoing-30 >> "Content-Length: 404[\r][\n]"
02-16-2018 14:17:10 Wire.java DEBUG [Forwarding newSession on session null to remote] http.wire 73 - http-outgoing-30 >> "Host: localhost:15193[\r][\n]"
02-16-2018 14:17:10 Wire.java DEBUG [Forwarding newSession on session null to remote] http.wire 73 - http-outgoing-30 >> "Connection: Keep-Alive[\r][\n]"
02-16-2018 14:17:10 Wire.java DEBUG [Forwarding newSession on session null to remote] http.wire 73 - http-outgoing-30 >> "User-Agent: Apache-HttpClient/4.5.3 (Java/1.8.0_151)[\r][\n]"
02-16-2018 14:17:10 Wire.java DEBUG [Forwarding newSession on session null to remote] http.wire 73 - http-outgoing-30 >> "Accept-Encoding: gzip,deflate[\r][\n]"
02-16-2018 14:17:10 Wire.java DEBUG [Forwarding newSession on session null to remote] http.wire 73 - http-outgoing-30 >> "[\r][\n]"
02-16-2018 14:17:10 Wire.java DEBUG [Forwarding newSession on session null to remote] http.wire 73 - http-outgoing-30 >> "{[\n]"
02-16-2018 14:17:10 Wire.java DEBUG [Forwarding newSession on session null to remote] http.wire 73 - http-outgoing-30 >> "  "desiredCapabilities": {"acceptInsecureCerts":true,"browserName":"firefox","moz:firefoxOptions":{"args":[],"prefs":{}}},[\n]"
02-16-2018 14:17:10 Wire.java DEBUG [Forwarding newSession on session null to remote] http.wire 73 - http-outgoing-30 >> "  "capabilities": {[\n]"
02-16-2018 14:17:10 Wire.java DEBUG [Forwarding newSession on session null to remote] http.wire 73 - http-outgoing-30 >> "    "desiredCapabilities": {"acceptInsecureCerts":true,"browserName":"firefox","moz:firefoxOptions":{"args":[],"prefs":{}}},[\n]"
02-16-2018 14:17:10 Wire.java DEBUG [Forwarding newSession on session null to remote] http.wire 73 - http-outgoing-30 >> "    "firstMatch": [[\n]"
02-16-2018 14:17:10 Wire.java DEBUG [Forwarding newSession on session null to remote] http.wire 73 - http-outgoing-30 >> "      {"acceptInsecureCerts":true,"browserName":"firefox","moz:firefoxOptions":{"args":[],"prefs":{}}}[\n]"
02-16-2018 14:17:10 Wire.java DEBUG [Forwarding newSession on session null to remote] http.wire 73 - http-outgoing-30 >> "    ][\n]"
02-16-2018 14:17:10 Wire.java DEBUG [Forwarding newSession on session null to remote] http.wire 73 - http-outgoing-30 >> "  }[\n]"
02-16-2018 14:17:10 Wire.java DEBUG [Forwarding newSession on session null to remote] http.wire 87 - http-outgoing-30 >> "}"
02-16-2018 14:17:16 Wire.java DEBUG [Forwarding newSession on session null to remote] http.wire 73 - http-outgoing-30 << "HTTP/1.1 200 OK[\r][\n]"
02-16-2018 14:17:16 Wire.java DEBUG [Forwarding newSession on session null to remote] http.wire 73 - http-outgoing-30 << "Connection: close[\r][\n]"
02-16-2018 14:17:16 Wire.java DEBUG [Forwarding newSession on session null to remote] http.wire 73 - http-outgoing-30 << "Content-Type: application/json; charset=utf-8[\r][\n]"
02-16-2018 14:17:16 Wire.java DEBUG [Forwarding newSession on session null to remote] http.wire 73 - http-outgoing-30 << "Cache-Control: no-cache[\r][\n]"
02-16-2018 14:17:16 Wire.java DEBUG [Forwarding newSession on session null to remote] http.wire 73 - http-outgoing-30 << "Content-Length: 496[\r][\n]"
02-16-2018 14:17:16 Wire.java DEBUG [Forwarding newSession on session null to remote] http.wire 73 - http-outgoing-30 << "Date: Fri, 16 Feb 2018 20:17:16 GMT[\r][\n]"
02-16-2018 14:17:16 Wire.java DEBUG [Forwarding newSession on session null to remote] http.wire 73 - http-outgoing-30 << "[\r][\n]"
02-16-2018 14:17:16 Wire.java DEBUG [Forwarding newSession on session null to remote] http.wire 87 - http-outgoing-30 << "{"value": {"sessionId":"4fe2ff03-82a1-450f-b081-0a23f24406f6","capabilities":{"acceptInsecureCerts":true,"browserName":"firefox","browserVersion":"56.0","moz:accessibilityChecks":false,"moz:headless":false,"moz:processID":15112,"moz:profile":"C:\\Users\\venka\\AppData\\Local\\Temp\\rust_mozprofile.HOTzZHN0qyug","pageLoadStrategy":"normal","platformName":"windows_nt","platformVersion":"10.0","rotatable":false,"specificationLevel":0,"timeouts":{"implicit":0,"pageLoad":300000,"script":30000}}}}"
02-16-2018 14:17:16 LoggingManagedHttpClientConnection.java DEBUG [Forwarding newSession on session null to remote] http.headers 122 - http-outgoing-30 << HTTP/1.1 200 OK
02-16-2018 14:17:16 LoggingManagedHttpClientConnection.java DEBUG [Forwarding newSession on session null to remote] http.headers 125 - http-outgoing-30 << Connection: close
02-16-2018 14:17:16 LoggingManagedHttpClientConnection.java DEBUG [Forwarding newSession on session null to remote] http.headers 125 - http-outgoing-30 << Content-Type: application/json; charset=utf-8
02-16-2018 14:17:16 LoggingManagedHttpClientConnection.java DEBUG [Forwarding newSession on session null to remote] http.headers 125 - http-outgoing-30 << Cache-Control: no-cache
02-16-2018 14:17:16 LoggingManagedHttpClientConnection.java DEBUG [Forwarding newSession on session null to remote] http.headers 125 - http-outgoing-30 << Content-Length: 496
02-16-2018 14:17:16 LoggingManagedHttpClientConnection.java DEBUG [Forwarding newSession on session null to remote] http.headers 125 - http-outgoing-30 << Date: Fri, 16 Feb 2018 20:17:16 GMT
02-16-2018 14:17:16 LoggingManagedHttpClientConnection.java DEBUG [Forwarding newSession on session null to remote] conn.DefaultManagedHttpClientConnection 79 - http-outgoing-30: Close connection
02-16-2018 14:17:16 ConnectionHolder.java DEBUG [Forwarding newSession on session null to remote] execchain.MainClientExec 104 - Connection discarded
02-16-2018 14:17:16 PoolingHttpClientConnectionManager.java DEBUG [Forwarding newSession on session null to remote] conn.PoolingHttpClientConnectionManager 326 - Connection released: [id: 30][route: {}->http://localhost:15193][total kept alive: 0; route allocated: 0 of 2000; total allocated: 0 of 2000]
02-16-2018 14:17:16 RequestAddCookies.java DEBUG [Forwarding maximizeCurrentWindow on session 4fe2ff03-82a1-450f-b081-0a23f24406f6 to remote] protocol.RequestAddCookies 123 - CookieSpec selected: default
02-16-2018 14:17:16 RequestAuthCache.java DEBUG [Forwarding maximizeCurrentWindow on session 4fe2ff03-82a1-450f-b081-0a23f24406f6 to remote] protocol.RequestAuthCache 77 - Auth cache not set in the context
02-16-2018 14:17:16 PoolingHttpClientConnectionManager.java DEBUG [Forwarding maximizeCurrentWindow on session 4fe2ff03-82a1-450f-b081-0a23f24406f6 to remote] conn.PoolingHttpClientConnectionManager 255 - Connection request: [route: {}->http://localhost:15193][total kept alive: 0; route allocated: 0 of 2000; total allocated: 0 of 2000]
02-16-2018 14:17:16 PoolingHttpClientConnectionManager.java DEBUG [Forwarding maximizeCurrentWindow on session 4fe2ff03-82a1-450f-b081-0a23f24406f6 to remote] conn.PoolingHttpClientConnectionManager 288 - Connection leased: [id: 31][route: {}->http://localhost:15193][total kept alive: 0; route allocated: 1 of 2000; total allocated: 1 of 2000]
02-16-2018 14:17:16 MainClientExec.java DEBUG [Forwarding maximizeCurrentWindow on session 4fe2ff03-82a1-450f-b081-0a23f24406f6 to remote] execchain.MainClientExec 235 - Opening connection {}->http://localhost:15193
02-16-2018 14:17:16 DefaultHttpClientConnectionOperator.java DEBUG [Forwarding maximizeCurrentWindow on session 4fe2ff03-82a1-450f-b081-0a23f24406f6 to remote] conn.DefaultHttpClientConnectionOperator 139 - Connecting to localhost/127.0.0.1:15193
02-16-2018 14:17:16 DefaultHttpClientConnectionOperator.java DEBUG [Forwarding maximizeCurrentWindow on session 4fe2ff03-82a1-450f-b081-0a23f24406f6 to remote] conn.DefaultHttpClientConnectionOperator 146 - Connection established 127.0.0.1:56538<->127.0.0.1:15193
02-16-2018 14:17:16 LoggingManagedHttpClientConnection.java DEBUG [Forwarding maximizeCurrentWindow on session 4fe2ff03-82a1-450f-b081-0a23f24406f6 to remote] conn.DefaultManagedHttpClientConnection 88 - http-outgoing-31: set socket timeout to 10800000
02-16-2018 14:17:16 MainClientExec.java DEBUG [Forwarding maximizeCurrentWindow on session 4fe2ff03-82a1-450f-b081-0a23f24406f6 to remote] execchain.MainClientExec 256 - Executing request POST /session/4fe2ff03-82a1-450f-b081-0a23f24406f6/window/maximize HTTP/1.1
02-16-2018 14:17:16 MainClientExec.java DEBUG [Forwarding maximizeCurrentWindow on session 4fe2ff03-82a1-450f-b081-0a23f24406f6 to remote] execchain.MainClientExec 261 - Target auth state: UNCHALLENGED
02-16-2018 14:17:16 MainClientExec.java DEBUG [Forwarding maximizeCurrentWindow on session 4fe2ff03-82a1-450f-b081-0a23f24406f6 to remote] execchain.MainClientExec 267 - Proxy auth state: UNCHALLENGED
02-16-2018 14:17:16 LoggingManagedHttpClientConnection.java DEBUG [Forwarding maximizeCurrentWindow on session 4fe2ff03-82a1-450f-b081-0a23f24406f6 to remote] http.headers 133 - http-outgoing-31 >> POST /session/4fe2ff03-82a1-450f-b081-0a23f24406f6/window/maximize HTTP/1.1
02-16-2018 14:17:16 LoggingManagedHttpClientConnection.java DEBUG [Forwarding maximizeCurrentWindow on session 4fe2ff03-82a1-450f-b081-0a23f24406f6 to remote] http.headers 136 - http-outgoing-31 >> Content-Type: application/json; charset=utf-8
02-16-2018 14:17:16 LoggingManagedHttpClientConnection.java DEBUG [Forwarding maximizeCurrentWindow on session 4fe2ff03-82a1-450f-b081-0a23f24406f6 to remote] http.headers 136 - http-outgoing-31 >> Content-Length: 2
02-16-2018 14:17:16 LoggingManagedHttpClientConnection.java DEBUG [Forwarding maximizeCurrentWindow on session 4fe2ff03-82a1-450f-b081-0a23f24406f6 to remote] http.headers 136 - http-outgoing-31 >> Host: localhost:15193
02-16-2018 14:17:16 LoggingManagedHttpClientConnection.java DEBUG [Forwarding maximizeCurrentWindow on session 4fe2ff03-82a1-450f-b081-0a23f24406f6 to remote] http.headers 136 - http-outgoing-31 >> Connection: Keep-Alive
02-16-2018 14:17:16 LoggingManagedHttpClientConnection.java DEBUG [Forwarding maximizeCurrentWindow on session 4fe2ff03-82a1-450f-b081-0a23f24406f6 to remote] http.headers 136 - http-outgoing-31 >> User-Agent: Apache-HttpClient/4.5.3 (Java/1.8.0_151)
02-16-2018 14:17:16 LoggingManagedHttpClientConnection.java DEBUG [Forwarding maximizeCurrentWindow on session 4fe2ff03-82a1-450f-b081-0a23f24406f6 to remote] http.headers 136 - http-outgoing-31 >> Accept-Encoding: gzip,deflate
02-16-2018 14:17:16 Wire.java DEBUG [Forwarding maximizeCurrentWindow on session 4fe2ff03-82a1-450f-b081-0a23f24406f6 to remote] http.wire 73 - http-outgoing-31 >> "POST /session/4fe2ff03-82a1-450f-b081-0a23f24406f6/window/maximize HTTP/1.1[\r][\n]"
02-16-2018 14:17:16 Wire.java DEBUG [Forwarding maximizeCurrentWindow on session 4fe2ff03-82a1-450f-b081-0a23f24406f6 to remote] http.wire 73 - http-outgoing-31 >> "Content-Type: application/json; charset=utf-8[\r][\n]"
02-16-2018 14:17:16 Wire.java DEBUG [Forwarding maximizeCurrentWindow on session 4fe2ff03-82a1-450f-b081-0a23f24406f6 to remote] http.wire 73 - http-outgoing-31 >> "Content-Length: 2[\r][\n]"
02-16-2018 14:17:16 Wire.java DEBUG [Forwarding maximizeCurrentWindow on session 4fe2ff03-82a1-450f-b081-0a23f24406f6 to remote] http.wire 73 - http-outgoing-31 >> "Host: localhost:15193[\r][\n]"
02-16-2018 14:17:16 Wire.java DEBUG [Forwarding maximizeCurrentWindow on session 4fe2ff03-82a1-450f-b081-0a23f24406f6 to remote] http.wire 73 - http-outgoing-31 >> "Connection: Keep-Alive[\r][\n]"
02-16-2018 14:17:16 Wire.java DEBUG [Forwarding maximizeCurrentWindow on session 4fe2ff03-82a1-450f-b081-0a23f24406f6 to remote] http.wire 73 - http-outgoing-31 >> "User-Agent: Apache-HttpClient/4.5.3 (Java/1.8.0_151)[\r][\n]"
02-16-2018 14:17:16 Wire.java DEBUG [Forwarding maximizeCurrentWindow on session 4fe2ff03-82a1-450f-b081-0a23f24406f6 to remote] http.wire 73 - http-outgoing-31 >> "Accept-Encoding: gzip,deflate[\r][\n]"
02-16-2018 14:17:16 Wire.java DEBUG [Forwarding maximizeCurrentWindow on session 4fe2ff03-82a1-450f-b081-0a23f24406f6 to remote] http.wire 73 - http-outgoing-31 >> "[\r][\n]"
02-16-2018 14:17:16 Wire.java DEBUG [Forwarding maximizeCurrentWindow on session 4fe2ff03-82a1-450f-b081-0a23f24406f6 to remote] http.wire 87 - http-outgoing-31 >> "{}"
02-16-2018 14:17:16 Wire.java DEBUG [Forwarding maximizeCurrentWindow on session 4fe2ff03-82a1-450f-b081-0a23f24406f6 to remote] http.wire 73 - http-outgoing-31 << "HTTP/1.1 200 OK[\r][\n]"
02-16-2018 14:17:16 Wire.java DEBUG [Forwarding maximizeCurrentWindow on session 4fe2ff03-82a1-450f-b081-0a23f24406f6 to remote] http.wire 73 - http-outgoing-31 << "Connection: close[\r][\n]"
02-16-2018 14:17:16 Wire.java DEBUG [Forwarding maximizeCurrentWindow on session 4fe2ff03-82a1-450f-b081-0a23f24406f6 to remote] http.wire 73 - http-outgoing-31 << "Content-Type: application/json; charset=utf-8[\r][\n]"
02-16-2018 14:17:16 Wire.java DEBUG [Forwarding maximizeCurrentWindow on session 4fe2ff03-82a1-450f-b081-0a23f24406f6 to remote] http.wire 73 - http-outgoing-31 << "Cache-Control: no-cache[\r][\n]"
02-16-2018 14:17:16 Wire.java DEBUG [Forwarding maximizeCurrentWindow on session 4fe2ff03-82a1-450f-b081-0a23f24406f6 to remote] http.wire 73 - http-outgoing-31 << "Content-Length: 52[\r][\n]"
02-16-2018 14:17:16 Wire.java DEBUG [Forwarding maximizeCurrentWindow on session 4fe2ff03-82a1-450f-b081-0a23f24406f6 to remote] http.wire 73 - http-outgoing-31 << "Date: Fri, 16 Feb 2018 20:17:16 GMT[\r][\n]"
02-16-2018 14:17:16 Wire.java DEBUG [Forwarding maximizeCurrentWindow on session 4fe2ff03-82a1-450f-b081-0a23f24406f6 to remote] http.wire 73 - http-outgoing-31 << "[\r][\n]"
02-16-2018 14:17:16 Wire.java DEBUG [Forwarding maximizeCurrentWindow on session 4fe2ff03-82a1-450f-b081-0a23f24406f6 to remote] http.wire 87 - http-outgoing-31 << "{"value": {"height":838,"width":1550,"x":-7,"y":-7}}"
02-16-2018 14:17:16 LoggingManagedHttpClientConnection.java DEBUG [Forwarding maximizeCurrentWindow on session 4fe2ff03-82a1-450f-b081-0a23f24406f6 to remote] http.headers 122 - http-outgoing-31 << HTTP/1.1 200 OK
02-16-2018 14:17:16 LoggingManagedHttpClientConnection.java DEBUG [Forwarding maximizeCurrentWindow on session 4fe2ff03-82a1-450f-b081-0a23f24406f6 to remote] http.headers 125 - http-outgoing-31 << Connection: close
02-16-2018 14:17:16 LoggingManagedHttpClientConnection.java DEBUG [Forwarding maximizeCurrentWindow on session 4fe2ff03-82a1-450f-b081-0a23f24406f6 to remote] http.headers 125 - http-outgoing-31 << Content-Type: application/json; charset=utf-8
02-16-2018 14:17:16 LoggingManagedHttpClientConnection.java DEBUG [Forwarding maximizeCurrentWindow on session 4fe2ff03-82a1-450f-b081-0a23f24406f6 to remote] http.headers 125 - http-outgoing-31 << Cache-Control: no-cache
02-16-2018 14:17:16 LoggingManagedHttpClientConnection.java DEBUG [Forwarding maximizeCurrentWindow on session 4fe2ff03-82a1-450f-b081-0a23f24406f6 to remote] http.headers 125 - http-outgoing-31 << Content-Length: 52
02-16-2018 14:17:16 LoggingManagedHttpClientConnection.java DEBUG [Forwarding maximizeCurrentWindow on session 4fe2ff03-82a1-450f-b081-0a23f24406f6 to remote] http.headers 125 - http-outgoing-31 << Date: Fri, 16 Feb 2018 20:17:16 GMT
02-16-2018 14:17:16 LoggingManagedHttpClientConnection.java DEBUG [Forwarding maximizeCurrentWindow on session 4fe2ff03-82a1-450f-b081-0a23f24406f6 to remote] conn.DefaultManagedHttpClientConnection 79 - http-outgoing-31: Close connection
02-16-2018 14:17:16 ConnectionHolder.java DEBUG [Forwarding maximizeCurrentWindow on session 4fe2ff03-82a1-450f-b081-0a23f24406f6 to remote] execchain.MainClientExec 104 - Connection discarded
02-16-2018 14:17:16 PoolingHttpClientConnectionManager.java DEBUG [Forwarding maximizeCurrentWindow on session 4fe2ff03-82a1-450f-b081-0a23f24406f6 to remote] conn.PoolingHttpClientConnectionManager 326 - Connection released: [id: 31][route: {}->http://localhost:15193][total kept alive: 0; route allocated: 0 of 2000; total allocated: 0 of 2000]
02-16-2018 14:17:16 RequestAddCookies.java DEBUG [Forwarding setTimeout on session 4fe2ff03-82a1-450f-b081-0a23f24406f6 to remote] protocol.RequestAddCookies 123 - CookieSpec selected: default
02-16-2018 14:17:16 RequestAuthCache.java DEBUG [Forwarding setTimeout on session 4fe2ff03-82a1-450f-b081-0a23f24406f6 to remote] protocol.RequestAuthCache 77 - Auth cache not set in the context
02-16-2018 14:17:16 PoolingHttpClientConnectionManager.java DEBUG [Forwarding setTimeout on session 4fe2ff03-82a1-450f-b081-0a23f24406f6 to remote] conn.PoolingHttpClientConnectionManager 255 - Connection request: [route: {}->http://localhost:15193][total kept alive: 0; route allocated: 0 of 2000; total allocated: 0 of 2000]
02-16-2018 14:17:16 PoolingHttpClientConnectionManager.java DEBUG [Forwarding setTimeout on session 4fe2ff03-82a1-450f-b081-0a23f24406f6 to remote] conn.PoolingHttpClientConnectionManager 288 - Connection leased: [id: 32][route: {}->http://localhost:15193][total kept alive: 0; route allocated: 1 of 2000; total allocated: 1 of 2000]
02-16-2018 14:17:16 MainClientExec.java DEBUG [Forwarding setTimeout on session 4fe2ff03-82a1-450f-b081-0a23f24406f6 to remote] execchain.MainClientExec 235 - Opening connection {}->http://localhost:15193
02-16-2018 14:17:16 DefaultHttpClientConnectionOperator.java DEBUG [Forwarding setTimeout on session 4fe2ff03-82a1-450f-b081-0a23f24406f6 to remote] conn.DefaultHttpClientConnectionOperator 139 - Connecting to localhost/127.0.0.1:15193
02-16-2018 14:17:16 DefaultHttpClientConnectionOperator.java DEBUG [Forwarding setTimeout on session 4fe2ff03-82a1-450f-b081-0a23f24406f6 to remote] conn.DefaultHttpClientConnectionOperator 146 - Connection established 127.0.0.1:56540<->127.0.0.1:15193
02-16-2018 14:17:16 LoggingManagedHttpClientConnection.java DEBUG [Forwarding setTimeout on session 4fe2ff03-82a1-450f-b081-0a23f24406f6 to remote] conn.DefaultManagedHttpClientConnection 88 - http-outgoing-32: set socket timeout to 10800000
02-16-2018 14:17:16 MainClientExec.java DEBUG [Forwarding setTimeout on session 4fe2ff03-82a1-450f-b081-0a23f24406f6 to remote] execchain.MainClientExec 256 - Executing request POST /session/4fe2ff03-82a1-450f-b081-0a23f24406f6/timeouts HTTP/1.1
02-16-2018 14:17:16 MainClientExec.java DEBUG [Forwarding setTimeout on session 4fe2ff03-82a1-450f-b081-0a23f24406f6 to remote] execchain.MainClientExec 261 - Target auth state: UNCHALLENGED
02-16-2018 14:17:16 MainClientExec.java DEBUG [Forwarding setTimeout on session 4fe2ff03-82a1-450f-b081-0a23f24406f6 to remote] execchain.MainClientExec 267 - Proxy auth state: UNCHALLENGED
02-16-2018 14:17:16 LoggingManagedHttpClientConnection.java DEBUG [Forwarding setTimeout on session 4fe2ff03-82a1-450f-b081-0a23f24406f6 to remote] http.headers 133 - http-outgoing-32 >> POST /session/4fe2ff03-82a1-450f-b081-0a23f24406f6/timeouts HTTP/1.1
02-16-2018 14:17:16 LoggingManagedHttpClientConnection.java DEBUG [Forwarding setTimeout on session 4fe2ff03-82a1-450f-b081-0a23f24406f6 to remote] http.headers 136 - http-outgoing-32 >> Content-Type: application/json; charset=utf-8
02-16-2018 14:17:16 LoggingManagedHttpClientConnection.java DEBUG [Forwarding setTimeout on session 4fe2ff03-82a1-450f-b081-0a23f24406f6 to remote] http.headers 136 - http-outgoing-32 >> Content-Length: 18
02-16-2018 14:17:16 LoggingManagedHttpClientConnection.java DEBUG [Forwarding setTimeout on session 4fe2ff03-82a1-450f-b081-0a23f24406f6 to remote] http.headers 136 - http-outgoing-32 >> Host: localhost:15193
02-16-2018 14:17:16 LoggingManagedHttpClientConnection.java DEBUG [Forwarding setTimeout on session 4fe2ff03-82a1-450f-b081-0a23f24406f6 to remote] http.headers 136 - http-outgoing-32 >> Connection: Keep-Alive
02-16-2018 14:17:16 LoggingManagedHttpClientConnection.java DEBUG [Forwarding setTimeout on session 4fe2ff03-82a1-450f-b081-0a23f24406f6 to remote] http.headers 136 - http-outgoing-32 >> User-Agent: Apache-HttpClient/4.5.3 (Java/1.8.0_151)
02-16-2018 14:17:16 LoggingManagedHttpClientConnection.java DEBUG [Forwarding setTimeout on session 4fe2ff03-82a1-450f-b081-0a23f24406f6 to remote] http.headers 136 - http-outgoing-32 >> Accept-Encoding: gzip,deflate
02-16-2018 14:17:16 Wire.java DEBUG [Forwarding setTimeout on session 4fe2ff03-82a1-450f-b081-0a23f24406f6 to remote] http.wire 73 - http-outgoing-32 >> "POST /session/4fe2ff03-82a1-450f-b081-0a23f24406f6/timeouts HTTP/1.1[\r][\n]"
02-16-2018 14:17:16 Wire.java DEBUG [Forwarding setTimeout on session 4fe2ff03-82a1-450f-b081-0a23f24406f6 to remote] http.wire 73 - http-outgoing-32 >> "Content-Type: application/json; charset=utf-8[\r][\n]"
02-16-2018 14:17:16 Wire.java DEBUG [Forwarding setTimeout on session 4fe2ff03-82a1-450f-b081-0a23f24406f6 to remote] http.wire 73 - http-outgoing-32 >> "Content-Length: 18[\r][\n]"
02-16-2018 14:17:16 Wire.java DEBUG [Forwarding setTimeout on session 4fe2ff03-82a1-450f-b081-0a23f24406f6 to remote] http.wire 73 - http-outgoing-32 >> "Host: localhost:15193[\r][\n]"
02-16-2018 14:17:16 Wire.java DEBUG [Forwarding setTimeout on session 4fe2ff03-82a1-450f-b081-0a23f24406f6 to remote] http.wire 73 - http-outgoing-32 >> "Connection: Keep-Alive[\r][\n]"
02-16-2018 14:17:16 Wire.java DEBUG [Forwarding setTimeout on session 4fe2ff03-82a1-450f-b081-0a23f24406f6 to remote] http.wire 73 - http-outgoing-32 >> "User-Agent: Apache-HttpClient/4.5.3 (Java/1.8.0_151)[\r][\n]"
02-16-2018 14:17:16 Wire.java DEBUG [Forwarding setTimeout on session 4fe2ff03-82a1-450f-b081-0a23f24406f6 to remote] http.wire 73 - http-outgoing-32 >> "Accept-Encoding: gzip,deflate[\r][\n]"
02-16-2018 14:17:16 Wire.java DEBUG [Forwarding setTimeout on session 4fe2ff03-82a1-450f-b081-0a23f24406f6 to remote] http.wire 73 - http-outgoing-32 >> "[\r][\n]"
02-16-2018 14:17:16 Wire.java DEBUG [Forwarding setTimeout on session 4fe2ff03-82a1-450f-b081-0a23f24406f6 to remote] http.wire 87 - http-outgoing-32 >> "{"pageLoad":40000}"
02-16-2018 14:17:16 Wire.java DEBUG [Forwarding setTimeout on session 4fe2ff03-82a1-450f-b081-0a23f24406f6 to remote] http.wire 73 - http-outgoing-32 << "HTTP/1.1 200 OK[\r][\n]"
02-16-2018 14:17:16 Wire.java DEBUG [Forwarding setTimeout on session 4fe2ff03-82a1-450f-b081-0a23f24406f6 to remote] http.wire 73 - http-outgoing-32 << "Connection: close[\r][\n]"
02-16-2018 14:17:16 Wire.java DEBUG [Forwarding setTimeout on session 4fe2ff03-82a1-450f-b081-0a23f24406f6 to remote] http.wire 73 - http-outgoing-32 << "Content-Type: application/json; charset=utf-8[\r][\n]"
02-16-2018 14:17:16 Wire.java DEBUG [Forwarding setTimeout on session 4fe2ff03-82a1-450f-b081-0a23f24406f6 to remote] http.wire 73 - http-outgoing-32 << "Cache-Control: no-cache[\r][\n]"
02-16-2018 14:17:16 Wire.java DEBUG [Forwarding setTimeout on session 4fe2ff03-82a1-450f-b081-0a23f24406f6 to remote] http.wire 73 - http-outgoing-32 << "Content-Length: 13[\r][\n]"
02-16-2018 14:17:16 Wire.java DEBUG [Forwarding setTimeout on session 4fe2ff03-82a1-450f-b081-0a23f24406f6 to remote] http.wire 73 - http-outgoing-32 << "Date: Fri, 16 Feb 2018 20:17:16 GMT[\r][\n]"
02-16-2018 14:17:16 Wire.java DEBUG [Forwarding setTimeout on session 4fe2ff03-82a1-450f-b081-0a23f24406f6 to remote] http.wire 73 - http-outgoing-32 << "[\r][\n]"
02-16-2018 14:17:16 Wire.java DEBUG [Forwarding setTimeout on session 4fe2ff03-82a1-450f-b081-0a23f24406f6 to remote] http.wire 87 - http-outgoing-32 << "{"value": {}}"
02-16-2018 14:17:16 LoggingManagedHttpClientConnection.java DEBUG [Forwarding setTimeout on session 4fe2ff03-82a1-450f-b081-0a23f24406f6 to remote] http.headers 122 - http-outgoing-32 << HTTP/1.1 200 OK
02-16-2018 14:17:16 LoggingManagedHttpClientConnection.java DEBUG [Forwarding setTimeout on session 4fe2ff03-82a1-450f-b081-0a23f24406f6 to remote] http.headers 125 - http-outgoing-32 << Connection: close
02-16-2018 14:17:16 LoggingManagedHttpClientConnection.java DEBUG [Forwarding setTimeout on session 4fe2ff03-82a1-450f-b081-0a23f24406f6 to remote] http.headers 125 - http-outgoing-32 << Content-Type: application/json; charset=utf-8
02-16-2018 14:17:16 LoggingManagedHttpClientConnection.java DEBUG [Forwarding setTimeout on session 4fe2ff03-82a1-450f-b081-0a23f24406f6 to remote] http.headers 125 - http-outgoing-32 << Cache-Control: no-cache
02-16-2018 14:17:16 LoggingManagedHttpClientConnection.java DEBUG [Forwarding setTimeout on session 4fe2ff03-82a1-450f-b081-0a23f24406f6 to remote] http.headers 125 - http-outgoing-32 << Content-Length: 13
02-16-2018 14:17:16 LoggingManagedHttpClientConnection.java DEBUG [Forwarding setTimeout on session 4fe2ff03-82a1-450f-b081-0a23f24406f6 to remote] http.headers 125 - http-outgoing-32 << Date: Fri, 16 Feb 2018 20:17:16 GMT
02-16-2018 14:17:16 LoggingManagedHttpClientConnection.java DEBUG [Forwarding setTimeout on session 4fe2ff03-82a1-450f-b081-0a23f24406f6 to remote] conn.DefaultManagedHttpClientConnection 79 - http-outgoing-32: Close connection
02-16-2018 14:17:16 ConnectionHolder.java DEBUG [Forwarding setTimeout on session 4fe2ff03-82a1-450f-b081-0a23f24406f6 to remote] execchain.MainClientExec 104 - Connection discarded
02-16-2018 14:17:16 PoolingHttpClientConnectionManager.java DEBUG [Forwarding setTimeout on session 4fe2ff03-82a1-450f-b081-0a23f24406f6 to remote] conn.PoolingHttpClientConnectionManager 326 - Connection released: [id: 32][route: {}->http://localhost:15193][total kept alive: 0; route allocated: 0 of 2000; total allocated: 0 of 2000]
02-16-2018 14:17:16 RequestAddCookies.java DEBUG [Forwarding setTimeout on session 4fe2ff03-82a1-450f-b081-0a23f24406f6 to remote] protocol.RequestAddCookies 123 - CookieSpec selected: default
02-16-2018 14:17:16 RequestAuthCache.java DEBUG [Forwarding setTimeout on session 4fe2ff03-82a1-450f-b081-0a23f24406f6 to remote] protocol.RequestAuthCache 77 - Auth cache not set in the context
02-16-2018 14:17:16 PoolingHttpClientConnectionManager.java DEBUG [Forwarding setTimeout on session 4fe2ff03-82a1-450f-b081-0a23f24406f6 to remote] conn.PoolingHttpClientConnectionManager 255 - Connection request: [route: {}->http://localhost:15193][total kept alive: 0; route allocated: 0 of 2000; total allocated: 0 of 2000]
02-16-2018 14:17:16 PoolingHttpClientConnectionManager.java DEBUG [Forwarding setTimeout on session 4fe2ff03-82a1-450f-b081-0a23f24406f6 to remote] conn.PoolingHttpClientConnectionManager 288 - Connection leased: [id: 33][route: {}->http://localhost:15193][total kept alive: 0; route allocated: 1 of 2000; total allocated: 1 of 2000]
02-16-2018 14:17:16 MainClientExec.java DEBUG [Forwarding setTimeout on session 4fe2ff03-82a1-450f-b081-0a23f24406f6 to remote] execchain.MainClientExec 235 - Opening connection {}->http://localhost:15193
02-16-2018 14:17:16 DefaultHttpClientConnectionOperator.java DEBUG [Forwarding setTimeout on session 4fe2ff03-82a1-450f-b081-0a23f24406f6 to remote] conn.DefaultHttpClientConnectionOperator 139 - Connecting to localhost/127.0.0.1:15193
02-16-2018 14:17:16 DefaultHttpClientConnectionOperator.java DEBUG [Forwarding setTimeout on session 4fe2ff03-82a1-450f-b081-0a23f24406f6 to remote] conn.DefaultHttpClientConnectionOperator 146 - Connection established 127.0.0.1:56541<->127.0.0.1:15193
02-16-2018 14:17:16 LoggingManagedHttpClientConnection.java DEBUG [Forwarding setTimeout on session 4fe2ff03-82a1-450f-b081-0a23f24406f6 to remote] conn.DefaultManagedHttpClientConnection 88 - http-outgoing-33: set socket timeout to 10800000
02-16-2018 14:17:16 MainClientExec.java DEBUG [Forwarding setTimeout on session 4fe2ff03-82a1-450f-b081-0a23f24406f6 to remote] execchain.MainClientExec 256 - Executing request POST /session/4fe2ff03-82a1-450f-b081-0a23f24406f6/timeouts HTTP/1.1
02-16-2018 14:17:16 MainClientExec.java DEBUG [Forwarding setTimeout on session 4fe2ff03-82a1-450f-b081-0a23f24406f6 to remote] execchain.MainClientExec 261 - Target auth state: UNCHALLENGED
02-16-2018 14:17:16 MainClientExec.java DEBUG [Forwarding setTimeout on session 4fe2ff03-82a1-450f-b081-0a23f24406f6 to remote] execchain.MainClientExec 267 - Proxy auth state: UNCHALLENGED
02-16-2018 14:17:16 LoggingManagedHttpClientConnection.java DEBUG [Forwarding setTimeout on session 4fe2ff03-82a1-450f-b081-0a23f24406f6 to remote] http.headers 133 - http-outgoing-33 >> POST /session/4fe2ff03-82a1-450f-b081-0a23f24406f6/timeouts HTTP/1.1
02-16-2018 14:17:16 LoggingManagedHttpClientConnection.java DEBUG [Forwarding setTimeout on session 4fe2ff03-82a1-450f-b081-0a23f24406f6 to remote] http.headers 136 - http-outgoing-33 >> Content-Type: application/json; charset=utf-8
02-16-2018 14:17:16 LoggingManagedHttpClientConnection.java DEBUG [Forwarding setTimeout on session 4fe2ff03-82a1-450f-b081-0a23f24406f6 to remote] http.headers 136 - http-outgoing-33 >> Content-Length: 18
02-16-2018 14:17:16 LoggingManagedHttpClientConnection.java DEBUG [Forwarding setTimeout on session 4fe2ff03-82a1-450f-b081-0a23f24406f6 to remote] http.headers 136 - http-outgoing-33 >> Host: localhost:15193
02-16-2018 14:17:16 LoggingManagedHttpClientConnection.java DEBUG [Forwarding setTimeout on session 4fe2ff03-82a1-450f-b081-0a23f24406f6 to remote] http.headers 136 - http-outgoing-33 >> Connection: Keep-Alive
02-16-2018 14:17:16 LoggingManagedHttpClientConnection.java DEBUG [Forwarding setTimeout on session 4fe2ff03-82a1-450f-b081-0a23f24406f6 to remote] http.headers 136 - http-outgoing-33 >> User-Agent: Apache-HttpClient/4.5.3 (Java/1.8.0_151)
02-16-2018 14:17:16 LoggingManagedHttpClientConnection.java DEBUG [Forwarding setTimeout on session 4fe2ff03-82a1-450f-b081-0a23f24406f6 to remote] http.headers 136 - http-outgoing-33 >> Accept-Encoding: gzip,deflate
02-16-2018 14:17:16 Wire.java DEBUG [Forwarding setTimeout on session 4fe2ff03-82a1-450f-b081-0a23f24406f6 to remote] http.wire 73 - http-outgoing-33 >> "POST /session/4fe2ff03-82a1-450f-b081-0a23f24406f6/timeouts HTTP/1.1[\r][\n]"
02-16-2018 14:17:16 Wire.java DEBUG [Forwarding setTimeout on session 4fe2ff03-82a1-450f-b081-0a23f24406f6 to remote] http.wire 73 - http-outgoing-33 >> "Content-Type: application/json; charset=utf-8[\r][\n]"
02-16-2018 14:17:16 Wire.java DEBUG [Forwarding setTimeout on session 4fe2ff03-82a1-450f-b081-0a23f24406f6 to remote] http.wire 73 - http-outgoing-33 >> "Content-Length: 18[\r][\n]"
02-16-2018 14:17:16 Wire.java DEBUG [Forwarding setTimeout on session 4fe2ff03-82a1-450f-b081-0a23f24406f6 to remote] http.wire 73 - http-outgoing-33 >> "Host: localhost:15193[\r][\n]"
02-16-2018 14:17:16 Wire.java DEBUG [Forwarding setTimeout on session 4fe2ff03-82a1-450f-b081-0a23f24406f6 to remote] http.wire 73 - http-outgoing-33 >> "Connection: Keep-Alive[\r][\n]"
02-16-2018 14:17:16 Wire.java DEBUG [Forwarding setTimeout on session 4fe2ff03-82a1-450f-b081-0a23f24406f6 to remote] http.wire 73 - http-outgoing-33 >> "User-Agent: Apache-HttpClient/4.5.3 (Java/1.8.0_151)[\r][\n]"
02-16-2018 14:17:16 Wire.java DEBUG [Forwarding setTimeout on session 4fe2ff03-82a1-450f-b081-0a23f24406f6 to remote] http.wire 73 - http-outgoing-33 >> "Accept-Encoding: gzip,deflate[\r][\n]"
02-16-2018 14:17:16 Wire.java DEBUG [Forwarding setTimeout on session 4fe2ff03-82a1-450f-b081-0a23f24406f6 to remote] http.wire 73 - http-outgoing-33 >> "[\r][\n]"
02-16-2018 14:17:16 Wire.java DEBUG [Forwarding setTimeout on session 4fe2ff03-82a1-450f-b081-0a23f24406f6 to remote] http.wire 87 - http-outgoing-33 >> "{"implicit":20000}"
02-16-2018 14:17:16 Wire.java DEBUG [Forwarding setTimeout on session 4fe2ff03-82a1-450f-b081-0a23f24406f6 to remote] http.wire 73 - http-outgoing-33 << "HTTP/1.1 200 OK[\r][\n]"
02-16-2018 14:17:16 Wire.java DEBUG [Forwarding setTimeout on session 4fe2ff03-82a1-450f-b081-0a23f24406f6 to remote] http.wire 73 - http-outgoing-33 << "Connection: close[\r][\n]"
02-16-2018 14:17:16 Wire.java DEBUG [Forwarding setTimeout on session 4fe2ff03-82a1-450f-b081-0a23f24406f6 to remote] http.wire 73 - http-outgoing-33 << "Content-Type: application/json; charset=utf-8[\r][\n]"
02-16-2018 14:17:16 Wire.java DEBUG [Forwarding setTimeout on session 4fe2ff03-82a1-450f-b081-0a23f24406f6 to remote] http.wire 73 - http-outgoing-33 << "Cache-Control: no-cache[\r][\n]"
02-16-2018 14:17:16 Wire.java DEBUG [Forwarding setTimeout on session 4fe2ff03-82a1-450f-b081-0a23f24406f6 to remote] http.wire 73 - http-outgoing-33 << "Content-Length: 13[\r][\n]"
02-16-2018 14:17:16 Wire.java DEBUG [Forwarding setTimeout on session 4fe2ff03-82a1-450f-b081-0a23f24406f6 to remote] http.wire 73 - http-outgoing-33 << "Date: Fri, 16 Feb 2018 20:17:16 GMT[\r][\n]"
02-16-2018 14:17:16 Wire.java DEBUG [Forwarding setTimeout on session 4fe2ff03-82a1-450f-b081-0a23f24406f6 to remote] http.wire 73 - http-outgoing-33 << "[\r][\n]"
02-16-2018 14:17:16 Wire.java DEBUG [Forwarding setTimeout on session 4fe2ff03-82a1-450f-b081-0a23f24406f6 to remote] http.wire 87 - http-outgoing-33 << "{"value": {}}"
02-16-2018 14:17:16 LoggingManagedHttpClientConnection.java DEBUG [Forwarding setTimeout on session 4fe2ff03-82a1-450f-b081-0a23f24406f6 to remote] http.headers 122 - http-outgoing-33 << HTTP/1.1 200 OK
02-16-2018 14:17:16 LoggingManagedHttpClientConnection.java DEBUG [Forwarding setTimeout on session 4fe2ff03-82a1-450f-b081-0a23f24406f6 to remote] http.headers 125 - http-outgoing-33 << Connection: close
02-16-2018 14:17:16 LoggingManagedHttpClientConnection.java DEBUG [Forwarding setTimeout on session 4fe2ff03-82a1-450f-b081-0a23f24406f6 to remote] http.headers 125 - http-outgoing-33 << Content-Type: application/json; charset=utf-8
02-16-2018 14:17:16 LoggingManagedHttpClientConnection.java DEBUG [Forwarding setTimeout on session 4fe2ff03-82a1-450f-b081-0a23f24406f6 to remote] http.headers 125 - http-outgoing-33 << Cache-Control: no-cache
02-16-2018 14:17:16 LoggingManagedHttpClientConnection.java DEBUG [Forwarding setTimeout on session 4fe2ff03-82a1-450f-b081-0a23f24406f6 to remote] http.headers 125 - http-outgoing-33 << Content-Length: 13
02-16-2018 14:17:16 LoggingManagedHttpClientConnection.java DEBUG [Forwarding setTimeout on session 4fe2ff03-82a1-450f-b081-0a23f24406f6 to remote] http.headers 125 - http-outgoing-33 << Date: Fri, 16 Feb 2018 20:17:16 GMT
02-16-2018 14:17:16 LoggingManagedHttpClientConnection.java DEBUG [Forwarding setTimeout on session 4fe2ff03-82a1-450f-b081-0a23f24406f6 to remote] conn.DefaultManagedHttpClientConnection 79 - http-outgoing-33: Close connection
02-16-2018 14:17:16 ConnectionHolder.java DEBUG [Forwarding setTimeout on session 4fe2ff03-82a1-450f-b081-0a23f24406f6 to remote] execchain.MainClientExec 104 - Connection discarded
02-16-2018 14:17:16 PoolingHttpClientConnectionManager.java DEBUG [Forwarding setTimeout on session 4fe2ff03-82a1-450f-b081-0a23f24406f6 to remote] conn.PoolingHttpClientConnectionManager 326 - Connection released: [id: 33][route: {}->http://localhost:15193][total kept alive: 0; route allocated: 0 of 2000; total allocated: 0 of 2000]
02-16-2018 14:17:16 RequestAddCookies.java DEBUG [Forwarding get on session 4fe2ff03-82a1-450f-b081-0a23f24406f6 to remote] protocol.RequestAddCookies 123 - CookieSpec selected: default
02-16-2018 14:17:16 RequestAuthCache.java DEBUG [Forwarding get on session 4fe2ff03-82a1-450f-b081-0a23f24406f6 to remote] protocol.RequestAuthCache 77 - Auth cache not set in the context
02-16-2018 14:17:16 PoolingHttpClientConnectionManager.java DEBUG [Forwarding get on session 4fe2ff03-82a1-450f-b081-0a23f24406f6 to remote] conn.PoolingHttpClientConnectionManager 255 - Connection request: [route: {}->http://localhost:15193][total kept alive: 0; route allocated: 0 of 2000; total allocated: 0 of 2000]
02-16-2018 14:17:16 PoolingHttpClientConnectionManager.java DEBUG [Forwarding get on session 4fe2ff03-82a1-450f-b081-0a23f24406f6 to remote] conn.PoolingHttpClientConnectionManager 288 - Connection leased: [id: 34][route: {}->http://localhost:15193][total kept alive: 0; route allocated: 1 of 2000; total allocated: 1 of 2000]
02-16-2018 14:17:16 MainClientExec.java DEBUG [Forwarding get on session 4fe2ff03-82a1-450f-b081-0a23f24406f6 to remote] execchain.MainClientExec 235 - Opening connection {}->http://localhost:15193
02-16-2018 14:17:16 DefaultHttpClientConnectionOperator.java DEBUG [Forwarding get on session 4fe2ff03-82a1-450f-b081-0a23f24406f6 to remote] conn.DefaultHttpClientConnectionOperator 139 - Connecting to localhost/127.0.0.1:15193
02-16-2018 14:17:16 DefaultHttpClientConnectionOperator.java DEBUG [Forwarding get on session 4fe2ff03-82a1-450f-b081-0a23f24406f6 to remote] conn.DefaultHttpClientConnectionOperator 146 - Connection established 127.0.0.1:56543<->127.0.0.1:15193
02-16-2018 14:17:16 LoggingManagedHttpClientConnection.java DEBUG [Forwarding get on session 4fe2ff03-82a1-450f-b081-0a23f24406f6 to remote] conn.DefaultManagedHttpClientConnection 88 - http-outgoing-34: set socket timeout to 10800000
02-16-2018 14:17:16 MainClientExec.java DEBUG [Forwarding get on session 4fe2ff03-82a1-450f-b081-0a23f24406f6 to remote] execchain.MainClientExec 256 - Executing request POST /session/4fe2ff03-82a1-450f-b081-0a23f24406f6/url HTTP/1.1
02-16-2018 14:17:16 MainClientExec.java DEBUG [Forwarding get on session 4fe2ff03-82a1-450f-b081-0a23f24406f6 to remote] execchain.MainClientExec 261 - Target auth state: UNCHALLENGED
02-16-2018 14:17:16 MainClientExec.java DEBUG [Forwarding get on session 4fe2ff03-82a1-450f-b081-0a23f24406f6 to remote] execchain.MainClientExec 267 - Proxy auth state: UNCHALLENGED
02-16-2018 14:17:16 LoggingManagedHttpClientConnection.java DEBUG [Forwarding get on session 4fe2ff03-82a1-450f-b081-0a23f24406f6 to remote] http.headers 133 - http-outgoing-34 >> POST /session/4fe2ff03-82a1-450f-b081-0a23f24406f6/url HTTP/1.1
02-16-2018 14:17:16 LoggingManagedHttpClientConnection.java DEBUG [Forwarding get on session 4fe2ff03-82a1-450f-b081-0a23f24406f6 to remote] http.headers 136 - http-outgoing-34 >> Content-Type: application/json; charset=utf-8
02-16-2018 14:17:16 LoggingManagedHttpClientConnection.java DEBUG [Forwarding get on session 4fe2ff03-82a1-450f-b081-0a23f24406f6 to remote] http.headers 136 - http-outgoing-34 >> Content-Length: 36
02-16-2018 14:17:16 LoggingManagedHttpClientConnection.java DEBUG [Forwarding get on session 4fe2ff03-82a1-450f-b081-0a23f24406f6 to remote] http.headers 136 - http-outgoing-34 >> Host: localhost:15193
02-16-2018 14:17:16 LoggingManagedHttpClientConnection.java DEBUG [Forwarding get on session 4fe2ff03-82a1-450f-b081-0a23f24406f6 to remote] http.headers 136 - http-outgoing-34 >> Connection: Keep-Alive
02-16-2018 14:17:16 LoggingManagedHttpClientConnection.java DEBUG [Forwarding get on session 4fe2ff03-82a1-450f-b081-0a23f24406f6 to remote] http.headers 136 - http-outgoing-34 >> User-Agent: Apache-HttpClient/4.5.3 (Java/1.8.0_151)
02-16-2018 14:17:16 LoggingManagedHttpClientConnection.java DEBUG [Forwarding get on session 4fe2ff03-82a1-450f-b081-0a23f24406f6 to remote] http.headers 136 - http-outgoing-34 >> Accept-Encoding: gzip,deflate
02-16-2018 14:17:16 Wire.java DEBUG [Forwarding get on session 4fe2ff03-82a1-450f-b081-0a23f24406f6 to remote] http.wire 73 - http-outgoing-34 >> "POST /session/4fe2ff03-82a1-450f-b081-0a23f24406f6/url HTTP/1.1[\r][\n]"
02-16-2018 14:17:16 Wire.java DEBUG [Forwarding get on session 4fe2ff03-82a1-450f-b081-0a23f24406f6 to remote] http.wire 73 - http-outgoing-34 >> "Content-Type: application/json; charset=utf-8[\r][\n]"
02-16-2018 14:17:16 Wire.java DEBUG [Forwarding get on session 4fe2ff03-82a1-450f-b081-0a23f24406f6 to remote] http.wire 73 - http-outgoing-34 >> "Content-Length: 36[\r][\n]"
02-16-2018 14:17:16 Wire.java DEBUG [Forwarding get on session 4fe2ff03-82a1-450f-b081-0a23f24406f6 to remote] http.wire 73 - http-outgoing-34 >> "Host: localhost:15193[\r][\n]"
02-16-2018 14:17:16 Wire.java DEBUG [Forwarding get on session 4fe2ff03-82a1-450f-b081-0a23f24406f6 to remote] http.wire 73 - http-outgoing-34 >> "Connection: Keep-Alive[\r][\n]"
02-16-2018 14:17:16 Wire.java DEBUG [Forwarding get on session 4fe2ff03-82a1-450f-b081-0a23f24406f6 to remote] http.wire 73 - http-outgoing-34 >> "User-Agent: Apache-HttpClient/4.5.3 (Java/1.8.0_151)[\r][\n]"
02-16-2018 14:17:16 Wire.java DEBUG [Forwarding get on session 4fe2ff03-82a1-450f-b081-0a23f24406f6 to remote] http.wire 73 - http-outgoing-34 >> "Accept-Encoding: gzip,deflate[\r][\n]"
02-16-2018 14:17:16 Wire.java DEBUG [Forwarding get on session 4fe2ff03-82a1-450f-b081-0a23f24406f6 to remote] http.wire 73 - http-outgoing-34 >> "[\r][\n]"
02-16-2018 14:17:16 Wire.java DEBUG [Forwarding get on session 4fe2ff03-82a1-450f-b081-0a23f24406f6 to remote] http.wire 87 - http-outgoing-34 >> "{"url":"http://jusdone.atomic77.in"}"
02-16-2018 14:17:18 Wire.java DEBUG [Forwarding get on session 4fe2ff03-82a1-450f-b081-0a23f24406f6 to remote] http.wire 73 - http-outgoing-34 << "HTTP/1.1 200 OK[\r][\n]"
02-16-2018 14:17:18 Wire.java DEBUG [Forwarding get on session 4fe2ff03-82a1-450f-b081-0a23f24406f6 to remote] http.wire 73 - http-outgoing-34 << "Connection: close[\r][\n]"
02-16-2018 14:17:18 Wire.java DEBUG [Forwarding get on session 4fe2ff03-82a1-450f-b081-0a23f24406f6 to remote] http.wire 73 - http-outgoing-34 << "Content-Type: application/json; charset=utf-8[\r][\n]"
02-16-2018 14:17:18 Wire.java DEBUG [Forwarding get on session 4fe2ff03-82a1-450f-b081-0a23f24406f6 to remote] http.wire 73 - http-outgoing-34 << "Cache-Control: no-cache[\r][\n]"
02-16-2018 14:17:18 Wire.java DEBUG [Forwarding get on session 4fe2ff03-82a1-450f-b081-0a23f24406f6 to remote] http.wire 73 - http-outgoing-34 << "Content-Length: 13[\r][\n]"
02-16-2018 14:17:18 Wire.java DEBUG [Forwarding get on session 4fe2ff03-82a1-450f-b081-0a23f24406f6 to remote] http.wire 73 - http-outgoing-34 << "Date: Fri, 16 Feb 2018 20:17:18 GMT[\r][\n]"
02-16-2018 14:17:18 Wire.java DEBUG [Forwarding get on session 4fe2ff03-82a1-450f-b081-0a23f24406f6 to remote] http.wire 73 - http-outgoing-34 << "[\r][\n]"
02-16-2018 14:17:18 Wire.java DEBUG [Forwarding get on session 4fe2ff03-82a1-450f-b081-0a23f24406f6 to remote] http.wire 87 - http-outgoing-34 << "{"value": {}}"
02-16-2018 14:17:18 LoggingManagedHttpClientConnection.java DEBUG [Forwarding get on session 4fe2ff03-82a1-450f-b081-0a23f24406f6 to remote] http.headers 122 - http-outgoing-34 << HTTP/1.1 200 OK
02-16-2018 14:17:18 LoggingManagedHttpClientConnection.java DEBUG [Forwarding get on session 4fe2ff03-82a1-450f-b081-0a23f24406f6 to remote] http.headers 125 - http-outgoing-34 << Connection: close
02-16-2018 14:17:18 LoggingManagedHttpClientConnection.java DEBUG [Forwarding get on session 4fe2ff03-82a1-450f-b081-0a23f24406f6 to remote] http.headers 125 - http-outgoing-34 << Content-Type: application/json; charset=utf-8
02-16-2018 14:17:18 LoggingManagedHttpClientConnection.java DEBUG [Forwarding get on session 4fe2ff03-82a1-450f-b081-0a23f24406f6 to remote] http.headers 125 - http-outgoing-34 << Cache-Control: no-cache
02-16-2018 14:17:18 LoggingManagedHttpClientConnection.java DEBUG [Forwarding get on session 4fe2ff03-82a1-450f-b081-0a23f24406f6 to remote] http.headers 125 - http-outgoing-34 << Content-Length: 13
02-16-2018 14:17:18 LoggingManagedHttpClientConnection.java DEBUG [Forwarding get on session 4fe2ff03-82a1-450f-b081-0a23f24406f6 to remote] http.headers 125 - http-outgoing-34 << Date: Fri, 16 Feb 2018 20:17:18 GMT
02-16-2018 14:17:18 LoggingManagedHttpClientConnection.java DEBUG [Forwarding get on session 4fe2ff03-82a1-450f-b081-0a23f24406f6 to remote] conn.DefaultManagedHttpClientConnection 79 - http-outgoing-34: Close connection
02-16-2018 14:17:18 ConnectionHolder.java DEBUG [Forwarding get on session 4fe2ff03-82a1-450f-b081-0a23f24406f6 to remote] execchain.MainClientExec 104 - Connection discarded
02-16-2018 14:17:18 PoolingHttpClientConnectionManager.java DEBUG [Forwarding get on session 4fe2ff03-82a1-450f-b081-0a23f24406f6 to remote] conn.PoolingHttpClientConnectionManager 326 - Connection released: [id: 34][route: {}->http://localhost:15193][total kept alive: 0; route allocated: 0 of 2000; total allocated: 0 of 2000]
02-16-2018 14:17:21 RequestAddCookies.java DEBUG [Forwarding findElement on session 4fe2ff03-82a1-450f-b081-0a23f24406f6 to remote] protocol.RequestAddCookies 123 - CookieSpec selected: default
02-16-2018 14:17:21 RequestAuthCache.java DEBUG [Forwarding findElement on session 4fe2ff03-82a1-450f-b081-0a23f24406f6 to remote] protocol.RequestAuthCache 77 - Auth cache not set in the context
02-16-2018 14:17:21 PoolingHttpClientConnectionManager.java DEBUG [Forwarding findElement on session 4fe2ff03-82a1-450f-b081-0a23f24406f6 to remote] conn.PoolingHttpClientConnectionManager 255 - Connection request: [route: {}->http://localhost:15193][total kept alive: 0; route allocated: 0 of 2000; total allocated: 0 of 2000]
02-16-2018 14:17:21 PoolingHttpClientConnectionManager.java DEBUG [Forwarding findElement on session 4fe2ff03-82a1-450f-b081-0a23f24406f6 to remote] conn.PoolingHttpClientConnectionManager 288 - Connection leased: [id: 35][route: {}->http://localhost:15193][total kept alive: 0; route allocated: 1 of 2000; total allocated: 1 of 2000]
02-16-2018 14:17:21 MainClientExec.java DEBUG [Forwarding findElement on session 4fe2ff03-82a1-450f-b081-0a23f24406f6 to remote] execchain.MainClientExec 235 - Opening connection {}->http://localhost:15193
02-16-2018 14:17:21 DefaultHttpClientConnectionOperator.java DEBUG [Forwarding findElement on session 4fe2ff03-82a1-450f-b081-0a23f24406f6 to remote] conn.DefaultHttpClientConnectionOperator 139 - Connecting to localhost/127.0.0.1:15193
02-16-2018 14:17:21 DefaultHttpClientConnectionOperator.java DEBUG [Forwarding findElement on session 4fe2ff03-82a1-450f-b081-0a23f24406f6 to remote] conn.DefaultHttpClientConnectionOperator 146 - Connection established 127.0.0.1:56553<->127.0.0.1:15193
02-16-2018 14:17:21 LoggingManagedHttpClientConnection.java DEBUG [Forwarding findElement on session 4fe2ff03-82a1-450f-b081-0a23f24406f6 to remote] conn.DefaultManagedHttpClientConnection 88 - http-outgoing-35: set socket timeout to 10800000
02-16-2018 14:17:21 MainClientExec.java DEBUG [Forwarding findElement on session 4fe2ff03-82a1-450f-b081-0a23f24406f6 to remote] execchain.MainClientExec 256 - Executing request POST /session/4fe2ff03-82a1-450f-b081-0a23f24406f6/element HTTP/1.1
02-16-2018 14:17:21 MainClientExec.java DEBUG [Forwarding findElement on session 4fe2ff03-82a1-450f-b081-0a23f24406f6 to remote] execchain.MainClientExec 261 - Target auth state: UNCHALLENGED
02-16-2018 14:17:21 MainClientExec.java DEBUG [Forwarding findElement on session 4fe2ff03-82a1-450f-b081-0a23f24406f6 to remote] execchain.MainClientExec 267 - Proxy auth state: UNCHALLENGED
02-16-2018 14:17:21 LoggingManagedHttpClientConnection.java DEBUG [Forwarding findElement on session 4fe2ff03-82a1-450f-b081-0a23f24406f6 to remote] http.headers 133 - http-outgoing-35 >> POST /session/4fe2ff03-82a1-450f-b081-0a23f24406f6/element HTTP/1.1
02-16-2018 14:17:21 LoggingManagedHttpClientConnection.java DEBUG [Forwarding findElement on session 4fe2ff03-82a1-450f-b081-0a23f24406f6 to remote] http.headers 136 - http-outgoing-35 >> Content-Type: application/json; charset=utf-8
02-16-2018 14:17:21 LoggingManagedHttpClientConnection.java DEBUG [Forwarding findElement on session 4fe2ff03-82a1-450f-b081-0a23f24406f6 to remote] http.headers 136 - http-outgoing-35 >> Content-Length: 61
02-16-2018 14:17:21 LoggingManagedHttpClientConnection.java DEBUG [Forwarding findElement on session 4fe2ff03-82a1-450f-b081-0a23f24406f6 to remote] http.headers 136 - http-outgoing-35 >> Host: localhost:15193
02-16-2018 14:17:21 LoggingManagedHttpClientConnection.java DEBUG [Forwarding findElement on session 4fe2ff03-82a1-450f-b081-0a23f24406f6 to remote] http.headers 136 - http-outgoing-35 >> Connection: Keep-Alive
02-16-2018 14:17:21 LoggingManagedHttpClientConnection.java DEBUG [Forwarding findElement on session 4fe2ff03-82a1-450f-b081-0a23f24406f6 to remote] http.headers 136 - http-outgoing-35 >> User-Agent: Apache-HttpClient/4.5.3 (Java/1.8.0_151)
02-16-2018 14:17:21 LoggingManagedHttpClientConnection.java DEBUG [Forwarding findElement on session 4fe2ff03-82a1-450f-b081-0a23f24406f6 to remote] http.headers 136 - http-outgoing-35 >> Accept-Encoding: gzip,deflate
02-16-2018 14:17:21 Wire.java DEBUG [Forwarding findElement on session 4fe2ff03-82a1-450f-b081-0a23f24406f6 to remote] http.wire 73 - http-outgoing-35 >> "POST /session/4fe2ff03-82a1-450f-b081-0a23f24406f6/element HTTP/1.1[\r][\n]"
02-16-2018 14:17:21 Wire.java DEBUG [Forwarding findElement on session 4fe2ff03-82a1-450f-b081-0a23f24406f6 to remote] http.wire 73 - http-outgoing-35 >> "Content-Type: application/json; charset=utf-8[\r][\n]"
02-16-2018 14:17:21 Wire.java DEBUG [Forwarding findElement on session 4fe2ff03-82a1-450f-b081-0a23f24406f6 to remote] http.wire 73 - http-outgoing-35 >> "Content-Length: 61[\r][\n]"
02-16-2018 14:17:21 Wire.java DEBUG [Forwarding findElement on session 4fe2ff03-82a1-450f-b081-0a23f24406f6 to remote] http.wire 73 - http-outgoing-35 >> "Host: localhost:15193[\r][\n]"
02-16-2018 14:17:21 Wire.java DEBUG [Forwarding findElement on session 4fe2ff03-82a1-450f-b081-0a23f24406f6 to remote] http.wire 73 - http-outgoing-35 >> "Connection: Keep-Alive[\r][\n]"
02-16-2018 14:17:21 Wire.java DEBUG [Forwarding findElement on session 4fe2ff03-82a1-450f-b081-0a23f24406f6 to remote] http.wire 73 - http-outgoing-35 >> "User-Agent: Apache-HttpClient/4.5.3 (Java/1.8.0_151)[\r][\n]"
02-16-2018 14:17:21 Wire.java DEBUG [Forwarding findElement on session 4fe2ff03-82a1-450f-b081-0a23f24406f6 to remote] http.wire 73 - http-outgoing-35 >> "Accept-Encoding: gzip,deflate[\r][\n]"
02-16-2018 14:17:21 Wire.java DEBUG [Forwarding findElement on session 4fe2ff03-82a1-450f-b081-0a23f24406f6 to remote] http.wire 73 - http-outgoing-35 >> "[\r][\n]"
02-16-2018 14:17:21 Wire.java DEBUG [Forwarding findElement on session 4fe2ff03-82a1-450f-b081-0a23f24406f6 to remote] http.wire 87 - http-outgoing-35 >> "{"value":"/html/body/div/div/ul/li[1]/label","using":"xpath"}"
02-16-2018 14:17:21 Wire.java DEBUG [Forwarding findElement on session 4fe2ff03-82a1-450f-b081-0a23f24406f6 to remote] http.wire 73 - http-outgoing-35 << "HTTP/1.1 200 OK[\r][\n]"
02-16-2018 14:17:21 Wire.java DEBUG [Forwarding findElement on session 4fe2ff03-82a1-450f-b081-0a23f24406f6 to remote] http.wire 73 - http-outgoing-35 << "Connection: close[\r][\n]"
02-16-2018 14:17:21 Wire.java DEBUG [Forwarding findElement on session 4fe2ff03-82a1-450f-b081-0a23f24406f6 to remote] http.wire 73 - http-outgoing-35 << "Content-Type: application/json; charset=utf-8[\r][\n]"
02-16-2018 14:17:21 Wire.java DEBUG [Forwarding findElement on session 4fe2ff03-82a1-450f-b081-0a23f24406f6 to remote] http.wire 73 - http-outgoing-35 << "Cache-Control: no-cache[\r][\n]"
02-16-2018 14:17:21 Wire.java DEBUG [Forwarding findElement on session 4fe2ff03-82a1-450f-b081-0a23f24406f6 to remote] http.wire 73 - http-outgoing-35 << "Content-Length: 88[\r][\n]"
02-16-2018 14:17:21 Wire.java DEBUG [Forwarding findElement on session 4fe2ff03-82a1-450f-b081-0a23f24406f6 to remote] http.wire 73 - http-outgoing-35 << "Date: Fri, 16 Feb 2018 20:17:21 GMT[\r][\n]"
02-16-2018 14:17:21 Wire.java DEBUG [Forwarding findElement on session 4fe2ff03-82a1-450f-b081-0a23f24406f6 to remote] http.wire 73 - http-outgoing-35 << "[\r][\n]"
02-16-2018 14:17:21 Wire.java DEBUG [Forwarding findElement on session 4fe2ff03-82a1-450f-b081-0a23f24406f6 to remote] http.wire 87 - http-outgoing-35 << "{"value":{"element-6066-11e4-a52e-4f735466cecf":"8bdb4ead-a5a4-4a39-af51-3b8fdf51002b"}}"
02-16-2018 14:17:21 LoggingManagedHttpClientConnection.java DEBUG [Forwarding findElement on session 4fe2ff03-82a1-450f-b081-0a23f24406f6 to remote] http.headers 122 - http-outgoing-35 << HTTP/1.1 200 OK
02-16-2018 14:17:21 LoggingManagedHttpClientConnection.java DEBUG [Forwarding findElement on session 4fe2ff03-82a1-450f-b081-0a23f24406f6 to remote] http.headers 125 - http-outgoing-35 << Connection: close
02-16-2018 14:17:21 LoggingManagedHttpClientConnection.java DEBUG [Forwarding findElement on session 4fe2ff03-82a1-450f-b081-0a23f24406f6 to remote] http.headers 125 - http-outgoing-35 << Content-Type: application/json; charset=utf-8
02-16-2018 14:17:21 LoggingManagedHttpClientConnection.java DEBUG [Forwarding findElement on session 4fe2ff03-82a1-450f-b081-0a23f24406f6 to remote] http.headers 125 - http-outgoing-35 << Cache-Control: no-cache
02-16-2018 14:17:21 LoggingManagedHttpClientConnection.java DEBUG [Forwarding findElement on session 4fe2ff03-82a1-450f-b081-0a23f24406f6 to remote] http.headers 125 - http-outgoing-35 << Content-Length: 88
02-16-2018 14:17:21 LoggingManagedHttpClientConnection.java DEBUG [Forwarding findElement on session 4fe2ff03-82a1-450f-b081-0a23f24406f6 to remote] http.headers 125 - http-outgoing-35 << Date: Fri, 16 Feb 2018 20:17:21 GMT
02-16-2018 14:17:21 LoggingManagedHttpClientConnection.java DEBUG [Forwarding findElement on session 4fe2ff03-82a1-450f-b081-0a23f24406f6 to remote] conn.DefaultManagedHttpClientConnection 79 - http-outgoing-35: Close connection
02-16-2018 14:17:21 ConnectionHolder.java DEBUG [Forwarding findElement on session 4fe2ff03-82a1-450f-b081-0a23f24406f6 to remote] execchain.MainClientExec 104 - Connection discarded
02-16-2018 14:17:21 PoolingHttpClientConnectionManager.java DEBUG [Forwarding findElement on session 4fe2ff03-82a1-450f-b081-0a23f24406f6 to remote] conn.PoolingHttpClientConnectionManager 326 - Connection released: [id: 35][route: {}->http://localhost:15193][total kept alive: 0; route allocated: 0 of 2000; total allocated: 0 of 2000]
02-16-2018 14:17:21 RequestAddCookies.java DEBUG [Forwarding clickElement on session 4fe2ff03-82a1-450f-b081-0a23f24406f6 to remote] protocol.RequestAddCookies 123 - CookieSpec selected: default
02-16-2018 14:17:21 RequestAuthCache.java DEBUG [Forwarding clickElement on session 4fe2ff03-82a1-450f-b081-0a23f24406f6 to remote] protocol.RequestAuthCache 77 - Auth cache not set in the context
02-16-2018 14:17:21 PoolingHttpClientConnectionManager.java DEBUG [Forwarding clickElement on session 4fe2ff03-82a1-450f-b081-0a23f24406f6 to remote] conn.PoolingHttpClientConnectionManager 255 - Connection request: [route: {}->http://localhost:15193][total kept alive: 0; route allocated: 0 of 2000; total allocated: 0 of 2000]
02-16-2018 14:17:21 PoolingHttpClientConnectionManager.java DEBUG [Forwarding clickElement on session 4fe2ff03-82a1-450f-b081-0a23f24406f6 to remote] conn.PoolingHttpClientConnectionManager 288 - Connection leased: [id: 36][route: {}->http://localhost:15193][total kept alive: 0; route allocated: 1 of 2000; total allocated: 1 of 2000]
02-16-2018 14:17:21 MainClientExec.java DEBUG [Forwarding clickElement on session 4fe2ff03-82a1-450f-b081-0a23f24406f6 to remote] execchain.MainClientExec 235 - Opening connection {}->http://localhost:15193
02-16-2018 14:17:21 DefaultHttpClientConnectionOperator.java DEBUG [Forwarding clickElement on session 4fe2ff03-82a1-450f-b081-0a23f24406f6 to remote] conn.DefaultHttpClientConnectionOperator 139 - Connecting to localhost/127.0.0.1:15193
02-16-2018 14:17:21 DefaultHttpClientConnectionOperator.java DEBUG [Forwarding clickElement on session 4fe2ff03-82a1-450f-b081-0a23f24406f6 to remote] conn.DefaultHttpClientConnectionOperator 146 - Connection established 127.0.0.1:56554<->127.0.0.1:15193
02-16-2018 14:17:21 LoggingManagedHttpClientConnection.java DEBUG [Forwarding clickElement on session 4fe2ff03-82a1-450f-b081-0a23f24406f6 to remote] conn.DefaultManagedHttpClientConnection 88 - http-outgoing-36: set socket timeout to 10800000
02-16-2018 14:17:21 MainClientExec.java DEBUG [Forwarding clickElement on session 4fe2ff03-82a1-450f-b081-0a23f24406f6 to remote] execchain.MainClientExec 256 - Executing request POST /session/4fe2ff03-82a1-450f-b081-0a23f24406f6/element/8bdb4ead-a5a4-4a39-af51-3b8fdf51002b/click HTTP/1.1
02-16-2018 14:17:21 MainClientExec.java DEBUG [Forwarding clickElement on session 4fe2ff03-82a1-450f-b081-0a23f24406f6 to remote] execchain.MainClientExec 261 - Target auth state: UNCHALLENGED
02-16-2018 14:17:21 MainClientExec.java DEBUG [Forwarding clickElement on session 4fe2ff03-82a1-450f-b081-0a23f24406f6 to remote] execchain.MainClientExec 267 - Proxy auth state: UNCHALLENGED
02-16-2018 14:17:21 LoggingManagedHttpClientConnection.java DEBUG [Forwarding clickElement on session 4fe2ff03-82a1-450f-b081-0a23f24406f6 to remote] http.headers 133 - http-outgoing-36 >> POST /session/4fe2ff03-82a1-450f-b081-0a23f24406f6/element/8bdb4ead-a5a4-4a39-af51-3b8fdf51002b/click HTTP/1.1
02-16-2018 14:17:21 LoggingManagedHttpClientConnection.java DEBUG [Forwarding clickElement on session 4fe2ff03-82a1-450f-b081-0a23f24406f6 to remote] http.headers 136 - http-outgoing-36 >> Content-Type: application/json; charset=utf-8
02-16-2018 14:17:21 LoggingManagedHttpClientConnection.java DEBUG [Forwarding clickElement on session 4fe2ff03-82a1-450f-b081-0a23f24406f6 to remote] http.headers 136 - http-outgoing-36 >> Content-Length: 45
02-16-2018 14:17:21 LoggingManagedHttpClientConnection.java DEBUG [Forwarding clickElement on session 4fe2ff03-82a1-450f-b081-0a23f24406f6 to remote] http.headers 136 - http-outgoing-36 >> Host: localhost:15193
02-16-2018 14:17:21 LoggingManagedHttpClientConnection.java DEBUG [Forwarding clickElement on session 4fe2ff03-82a1-450f-b081-0a23f24406f6 to remote] http.headers 136 - http-outgoing-36 >> Connection: Keep-Alive
02-16-2018 14:17:21 LoggingManagedHttpClientConnection.java DEBUG [Forwarding clickElement on session 4fe2ff03-82a1-450f-b081-0a23f24406f6 to remote] http.headers 136 - http-outgoing-36 >> User-Agent: Apache-HttpClient/4.5.3 (Java/1.8.0_151)
02-16-2018 14:17:21 LoggingManagedHttpClientConnection.java DEBUG [Forwarding clickElement on session 4fe2ff03-82a1-450f-b081-0a23f24406f6 to remote] http.headers 136 - http-outgoing-36 >> Accept-Encoding: gzip,deflate
02-16-2018 14:17:21 Wire.java DEBUG [Forwarding clickElement on session 4fe2ff03-82a1-450f-b081-0a23f24406f6 to remote] http.wire 73 - http-outgoing-36 >> "POST /session/4fe2ff03-82a1-450f-b081-0a23f24406f6/element/8bdb4ead-a5a4-4a39-af51-3b8fdf51002b/click HTTP/1.1[\r][\n]"
02-16-2018 14:17:21 Wire.java DEBUG [Forwarding clickElement on session 4fe2ff03-82a1-450f-b081-0a23f24406f6 to remote] http.wire 73 - http-outgoing-36 >> "Content-Type: application/json; charset=utf-8[\r][\n]"
02-16-2018 14:17:21 Wire.java DEBUG [Forwarding clickElement on session 4fe2ff03-82a1-450f-b081-0a23f24406f6 to remote] http.wire 73 - http-outgoing-36 >> "Content-Length: 45[\r][\n]"
02-16-2018 14:17:21 Wire.java DEBUG [Forwarding clickElement on session 4fe2ff03-82a1-450f-b081-0a23f24406f6 to remote] http.wire 73 - http-outgoing-36 >> "Host: localhost:15193[\r][\n]"
02-16-2018 14:17:21 Wire.java DEBUG [Forwarding clickElement on session 4fe2ff03-82a1-450f-b081-0a23f24406f6 to remote] http.wire 73 - http-outgoing-36 >> "Connection: Keep-Alive[\r][\n]"
02-16-2018 14:17:21 Wire.java DEBUG [Forwarding clickElement on session 4fe2ff03-82a1-450f-b081-0a23f24406f6 to remote] http.wire 73 - http-outgoing-36 >> "User-Agent: Apache-HttpClient/4.5.3 (Java/1.8.0_151)[\r][\n]"
02-16-2018 14:17:21 Wire.java DEBUG [Forwarding clickElement on session 4fe2ff03-82a1-450f-b081-0a23f24406f6 to remote] http.wire 73 - http-outgoing-36 >> "Accept-Encoding: gzip,deflate[\r][\n]"
02-16-2018 14:17:21 Wire.java DEBUG [Forwarding clickElement on session 4fe2ff03-82a1-450f-b081-0a23f24406f6 to remote] http.wire 73 - http-outgoing-36 >> "[\r][\n]"
02-16-2018 14:17:21 Wire.java DEBUG [Forwarding clickElement on session 4fe2ff03-82a1-450f-b081-0a23f24406f6 to remote] http.wire 87 - http-outgoing-36 >> "{"id":"8bdb4ead-a5a4-4a39-af51-3b8fdf51002b"}"
02-16-2018 14:17:23 Wire.java DEBUG [Forwarding clickElement on session 4fe2ff03-82a1-450f-b081-0a23f24406f6 to remote] http.wire 73 - http-outgoing-36 << "HTTP/1.1 200 OK[\r][\n]"
02-16-2018 14:17:23 Wire.java DEBUG [Forwarding clickElement on session 4fe2ff03-82a1-450f-b081-0a23f24406f6 to remote] http.wire 73 - http-outgoing-36 << "Connection: close[\r][\n]"
02-16-2018 14:17:23 Wire.java DEBUG [Forwarding clickElement on session 4fe2ff03-82a1-450f-b081-0a23f24406f6 to remote] http.wire 73 - http-outgoing-36 << "Content-Type: application/json; charset=utf-8[\r][\n]"
02-16-2018 14:17:23 Wire.java DEBUG [Forwarding clickElement on session 4fe2ff03-82a1-450f-b081-0a23f24406f6 to remote] http.wire 73 - http-outgoing-36 << "Cache-Control: no-cache[\r][\n]"
02-16-2018 14:17:23 Wire.java DEBUG [Forwarding clickElement on session 4fe2ff03-82a1-450f-b081-0a23f24406f6 to remote] http.wire 73 - http-outgoing-36 << "Content-Length: 13[\r][\n]"
02-16-2018 14:17:23 Wire.java DEBUG [Forwarding clickElement on session 4fe2ff03-82a1-450f-b081-0a23f24406f6 to remote] http.wire 73 - http-outgoing-36 << "Date: Fri, 16 Feb 2018 20:17:23 GMT[\r][\n]"
02-16-2018 14:17:23 Wire.java DEBUG [Forwarding clickElement on session 4fe2ff03-82a1-450f-b081-0a23f24406f6 to remote] http.wire 73 - http-outgoing-36 << "[\r][\n]"
02-16-2018 14:17:23 Wire.java DEBUG [Forwarding clickElement on session 4fe2ff03-82a1-450f-b081-0a23f24406f6 to remote] http.wire 87 - http-outgoing-36 << "{"value": {}}"
02-16-2018 14:17:23 LoggingManagedHttpClientConnection.java DEBUG [Forwarding clickElement on session 4fe2ff03-82a1-450f-b081-0a23f24406f6 to remote] http.headers 122 - http-outgoing-36 << HTTP/1.1 200 OK
02-16-2018 14:17:23 LoggingManagedHttpClientConnection.java DEBUG [Forwarding clickElement on session 4fe2ff03-82a1-450f-b081-0a23f24406f6 to remote] http.headers 125 - http-outgoing-36 << Connection: close
02-16-2018 14:17:23 LoggingManagedHttpClientConnection.java DEBUG [Forwarding clickElement on session 4fe2ff03-82a1-450f-b081-0a23f24406f6 to remote] http.headers 125 - http-outgoing-36 << Content-Type: application/json; charset=utf-8
02-16-2018 14:17:23 LoggingManagedHttpClientConnection.java DEBUG [Forwarding clickElement on session 4fe2ff03-82a1-450f-b081-0a23f24406f6 to remote] http.headers 125 - http-outgoing-36 << Cache-Control: no-cache
02-16-2018 14:17:23 LoggingManagedHttpClientConnection.java DEBUG [Forwarding clickElement on session 4fe2ff03-82a1-450f-b081-0a23f24406f6 to remote] http.headers 125 - http-outgoing-36 << Content-Length: 13
02-16-2018 14:17:23 LoggingManagedHttpClientConnection.java DEBUG [Forwarding clickElement on session 4fe2ff03-82a1-450f-b081-0a23f24406f6 to remote] http.headers 125 - http-outgoing-36 << Date: Fri, 16 Feb 2018 20:17:23 GMT
02-16-2018 14:17:23 LoggingManagedHttpClientConnection.java DEBUG [Forwarding clickElement on session 4fe2ff03-82a1-450f-b081-0a23f24406f6 to remote] conn.DefaultManagedHttpClientConnection 79 - http-outgoing-36: Close connection
02-16-2018 14:17:23 ConnectionHolder.java DEBUG [Forwarding clickElement on session 4fe2ff03-82a1-450f-b081-0a23f24406f6 to remote] execchain.MainClientExec 104 - Connection discarded
02-16-2018 14:17:23 PoolingHttpClientConnectionManager.java DEBUG [Forwarding clickElement on session 4fe2ff03-82a1-450f-b081-0a23f24406f6 to remote] conn.PoolingHttpClientConnectionManager 326 - Connection released: [id: 36][route: {}->http://localhost:15193][total kept alive: 0; route allocated: 0 of 2000; total allocated: 0 of 2000]
02-16-2018 14:17:23 RequestAddCookies.java DEBUG [Forwarding findElement on session 4fe2ff03-82a1-450f-b081-0a23f24406f6 to remote] protocol.RequestAddCookies 123 - CookieSpec selected: default
02-16-2018 14:17:23 RequestAuthCache.java DEBUG [Forwarding findElement on session 4fe2ff03-82a1-450f-b081-0a23f24406f6 to remote] protocol.RequestAuthCache 77 - Auth cache not set in the context
02-16-2018 14:17:23 PoolingHttpClientConnectionManager.java DEBUG [Forwarding findElement on session 4fe2ff03-82a1-450f-b081-0a23f24406f6 to remote] conn.PoolingHttpClientConnectionManager 255 - Connection request: [route: {}->http://localhost:15193][total kept alive: 0; route allocated: 0 of 2000; total allocated: 0 of 2000]
02-16-2018 14:17:23 PoolingHttpClientConnectionManager.java DEBUG [Forwarding findElement on session 4fe2ff03-82a1-450f-b081-0a23f24406f6 to remote] conn.PoolingHttpClientConnectionManager 288 - Connection leased: [id: 37][route: {}->http://localhost:15193][total kept alive: 0; route allocated: 1 of 2000; total allocated: 1 of 2000]
02-16-2018 14:17:23 MainClientExec.java DEBUG [Forwarding findElement on session 4fe2ff03-82a1-450f-b081-0a23f24406f6 to remote] execchain.MainClientExec 235 - Opening connection {}->http://localhost:15193
02-16-2018 14:17:23 DefaultHttpClientConnectionOperator.java DEBUG [Forwarding findElement on session 4fe2ff03-82a1-450f-b081-0a23f24406f6 to remote] conn.DefaultHttpClientConnectionOperator 139 - Connecting to localhost/127.0.0.1:15193
02-16-2018 14:17:23 DefaultHttpClientConnectionOperator.java DEBUG [Forwarding findElement on session 4fe2ff03-82a1-450f-b081-0a23f24406f6 to remote] conn.DefaultHttpClientConnectionOperator 146 - Connection established 127.0.0.1:56564<->127.0.0.1:15193
02-16-2018 14:17:23 LoggingManagedHttpClientConnection.java DEBUG [Forwarding findElement on session 4fe2ff03-82a1-450f-b081-0a23f24406f6 to remote] conn.DefaultManagedHttpClientConnection 88 - http-outgoing-37: set socket timeout to 10800000
02-16-2018 14:17:23 MainClientExec.java DEBUG [Forwarding findElement on session 4fe2ff03-82a1-450f-b081-0a23f24406f6 to remote] execchain.MainClientExec 256 - Executing request POST /session/4fe2ff03-82a1-450f-b081-0a23f24406f6/element HTTP/1.1
02-16-2018 14:17:23 MainClientExec.java DEBUG [Forwarding findElement on session 4fe2ff03-82a1-450f-b081-0a23f24406f6 to remote] execchain.MainClientExec 261 - Target auth state: UNCHALLENGED
02-16-2018 14:17:23 MainClientExec.java DEBUG [Forwarding findElement on session 4fe2ff03-82a1-450f-b081-0a23f24406f6 to remote] execchain.MainClientExec 267 - Proxy auth state: UNCHALLENGED
02-16-2018 14:17:23 LoggingManagedHttpClientConnection.java DEBUG [Forwarding findElement on session 4fe2ff03-82a1-450f-b081-0a23f24406f6 to remote] http.headers 133 - http-outgoing-37 >> POST /session/4fe2ff03-82a1-450f-b081-0a23f24406f6/element HTTP/1.1
02-16-2018 14:17:23 LoggingManagedHttpClientConnection.java DEBUG [Forwarding findElement on session 4fe2ff03-82a1-450f-b081-0a23f24406f6 to remote] http.headers 136 - http-outgoing-37 >> Content-Type: application/json; charset=utf-8
02-16-2018 14:17:23 LoggingManagedHttpClientConnection.java DEBUG [Forwarding findElement on session 4fe2ff03-82a1-450f-b081-0a23f24406f6 to remote] http.headers 136 - http-outgoing-37 >> Content-Length: 78
02-16-2018 14:17:23 LoggingManagedHttpClientConnection.java DEBUG [Forwarding findElement on session 4fe2ff03-82a1-450f-b081-0a23f24406f6 to remote] http.headers 136 - http-outgoing-37 >> Host: localhost:15193
[...]
02-16-2018 14:29:09 Wire.java DEBUG [Forwarding findElement on session ae7bbef1-9c64-42c4-b5e6-e387daa5a745 to remote] http.wire 87 - http-outgoing-646 >> "{"value":"html/body/div[1]/div[1]/div/div/div[1]/div/div[2]/div[1]/div/div/div/div/center/ul/li[2]/a","using":"xpath"}"
02-16-2018 14:29:09 Wire.java DEBUG [Forwarding findElement on session ae7bbef1-9c64-42c4-b5e6-e387daa5a745 to remote] http.wire 73 - http-outgoing-646 << "HTTP/1.1 200 OK[\r][\n]"
02-16-2018 14:29:09 Wire.java DEBUG [Forwarding findElement on session ae7bbef1-9c64-42c4-b5e6-e387daa5a745 to remote] http.wire 73 - http-outgoing-646 << "Connection: close[\r][\n]"
02-16-2018 14:29:09 Wire.java DEBUG [Forwarding findElement on session ae7bbef1-9c64-42c4-b5e6-e387daa5a745 to remote] http.wire 73 - http-outgoing-646 << "Content-Type: application/json; charset=utf-8[\r][\n]"
02-16-2018 14:29:09 Wire.java DEBUG [Forwarding findElement on session ae7bbef1-9c64-42c4-b5e6-e387daa5a745 to remote] http.wire 73 - http-outgoing-646 << "Cache-Control: no-cache[\r][\n]"
02-16-2018 14:29:09 Wire.java DEBUG [Forwarding findElement on session ae7bbef1-9c64-42c4-b5e6-e387daa5a745 to remote] http.wire 73 - http-outgoing-646 << "Content-Length: 88[\r][\n]"
02-16-2018 14:29:09 Wire.java DEBUG [Forwarding findElement on session ae7bbef1-9c64-42c4-b5e6-e387daa5a745 to remote] http.wire 73 - http-outgoing-646 << "Date: Fri, 16 Feb 2018 20:29:09 GMT[\r][\n]"
02-16-2018 14:29:09 Wire.java DEBUG [Forwarding findElement on session ae7bbef1-9c64-42c4-b5e6-e387daa5a745 to remote] http.wire 73 - http-outgoing-646 << "[\r][\n]"
02-16-2018 14:29:09 Wire.java DEBUG [Forwarding findElement on session ae7bbef1-9c64-42c4-b5e6-e387daa5a745 to remote] http.wire 87 - http-outgoing-646 << "{"value":{"element-6066-11e4-a52e-4f735466cecf":"f481dcc0-c3f8-4f16-840c-7f1462424b50"}}"
02-16-2018 14:29:09 LoggingManagedHttpClientConnection.java DEBUG [Forwarding findElement on session ae7bbef1-9c64-42c4-b5e6-e387daa5a745 to remote] http.headers 122 - http-outgoing-646 << HTTP/1.1 200 OK
02-16-2018 14:29:09 LoggingManagedHttpClientConnection.java DEBUG [Forwarding findElement on session ae7bbef1-9c64-42c4-b5e6-e387daa5a745 to remote] http.headers 125 - http-outgoing-646 << Connection: close
02-16-2018 14:29:09 LoggingManagedHttpClientConnection.java DEBUG [Forwarding findElement on session ae7bbef1-9c64-42c4-b5e6-e387daa5a745 to remote] http.headers 125 - http-outgoing-646 << Content-Type: application/json; charset=utf-8
02-16-2018 14:29:09 LoggingManagedHttpClientConnection.java DEBUG [Forwarding findElement on session ae7bbef1-9c64-42c4-b5e6-e387daa5a745 to remote] http.headers 125 - http-outgoing-646 << Cache-Control: no-cache
02-16-2018 14:29:09 LoggingManagedHttpClientConnection.java DEBUG [Forwarding findElement on session ae7bbef1-9c64-42c4-b5e6-e387daa5a745 to remote] http.headers 125 - http-outgoing-646 << Content-Length: 88
02-16-2018 14:29:09 LoggingManagedHttpClientConnection.java DEBUG [Forwarding findElement on session ae7bbef1-9c64-42c4-b5e6-e387daa5a745 to remote] http.headers 125 - http-outgoing-646 << Date: Fri, 16 Feb 2018 20:29:09 GMT
02-16-2018 14:29:09 LoggingManagedHttpClientConnection.java DEBUG [Forwarding findElement on session ae7bbef1-9c64-42c4-b5e6-e387daa5a745 to remote] conn.DefaultManagedHttpClientConnection 79 - http-outgoing-646: Close connection
02-16-2018 14:29:09 ConnectionHolder.java DEBUG [Forwarding findElement on session ae7bbef1-9c64-42c4-b5e6-e387daa5a745 to remote] execchain.MainClientExec 104 - Connection discarded
02-16-2018 14:29:09 PoolingHttpClientConnectionManager.java DEBUG [Forwarding findElement on session ae7bbef1-9c64-42c4-b5e6-e387daa5a745 to remote] conn.PoolingHttpClientConnectionManager 326 - Connection released: [id: 646][route: {}->http://localhost:2384][total kept alive: 0; route allocated: 0 of 2000; total allocated: 0 of 2000]
02-16-2018 14:29:09 RequestAddCookies.java DEBUG [Forwarding clickElement on session ae7bbef1-9c64-42c4-b5e6-e387daa5a745 to remote] protocol.RequestAddCookies 123 - CookieSpec selected: default
02-16-2018 14:29:09 RequestAuthCache.java DEBUG [Forwarding clickElement on session ae7bbef1-9c64-42c4-b5e6-e387daa5a745 to remote] protocol.RequestAuthCache 77 - Auth cache not set in the context
02-16-2018 14:29:09 PoolingHttpClientConnectionManager.java DEBUG [Forwarding clickElement on session ae7bbef1-9c64-42c4-b5e6-e387daa5a745 to remote] conn.PoolingHttpClientConnectionManager 255 - Connection request: [route: {}->http://localhost:2384][total kept alive: 0; route allocated: 0 of 2000; total allocated: 0 of 2000]
02-16-2018 14:29:09 PoolingHttpClientConnectionManager.java DEBUG [Forwarding clickElement on session ae7bbef1-9c64-42c4-b5e6-e387daa5a745 to remote] conn.PoolingHttpClientConnectionManager 288 - Connection leased: [id: 647][route: {}->http://localhost:2384][total kept alive: 0; route allocated: 1 of 2000; total allocated: 1 of 2000]
02-16-2018 14:29:09 MainClientExec.java DEBUG [Forwarding clickElement on session ae7bbef1-9c64-42c4-b5e6-e387daa5a745 to remote] execchain.MainClientExec 235 - Opening connection {}->http://localhost:2384
02-16-2018 14:29:09 DefaultHttpClientConnectionOperator.java DEBUG [Forwarding clickElement on session ae7bbef1-9c64-42c4-b5e6-e387daa5a745 to remote] conn.DefaultHttpClientConnectionOperator 139 - Connecting to localhost/127.0.0.1:2384
02-16-2018 14:29:09 DefaultHttpClientConnectionOperator.java DEBUG [Forwarding clickElement on session ae7bbef1-9c64-42c4-b5e6-e387daa5a745 to remote] conn.DefaultHttpClientConnectionOperator 146 - Connection established 127.0.0.1:58861<->127.0.0.1:2384
02-16-2018 14:29:09 LoggingManagedHttpClientConnection.java DEBUG [Forwarding clickElement on session ae7bbef1-9c64-42c4-b5e6-e387daa5a745 to remote] conn.DefaultManagedHttpClientConnection 88 - http-outgoing-647: set socket timeout to 10800000
02-16-2018 14:29:09 MainClientExec.java DEBUG [Forwarding clickElement on session ae7bbef1-9c64-42c4-b5e6-e387daa5a745 to remote] execchain.MainClientExec 256 - Executing request POST /session/ae7bbef1-9c64-42c4-b5e6-e387daa5a745/element/f481dcc0-c3f8-4f16-840c-7f1462424b50/click HTTP/1.1
02-16-2018 14:29:09 MainClientExec.java DEBUG [Forwarding clickElement on session ae7bbef1-9c64-42c4-b5e6-e387daa5a745 to remote] execchain.MainClientExec 261 - Target auth state: UNCHALLENGED
02-16-2018 14:29:09 MainClientExec.java DEBUG [Forwarding clickElement on session ae7bbef1-9c64-42c4-b5e6-e387daa5a745 to remote] execchain.MainClientExec 267 - Proxy auth state: UNCHALLENGED
02-16-2018 14:29:09 LoggingManagedHttpClientConnection.java DEBUG [Forwarding clickElement on session ae7bbef1-9c64-42c4-b5e6-e387daa5a745 to remote] http.headers 133 - http-outgoing-647 >> POST /session/ae7bbef1-9c64-42c4-b5e6-e387daa5a745/element/f481dcc0-c3f8-4f16-840c-7f1462424b50/click HTTP/1.1
02-16-2018 14:29:09 LoggingManagedHttpClientConnection.java DEBUG [Forwarding clickElement on session ae7bbef1-9c64-42c4-b5e6-e387daa5a745 to remote] http.headers 136 - http-outgoing-647 >> Content-Type: application/json; charset=utf-8
02-16-2018 14:29:09 LoggingManagedHttpClientConnection.java DEBUG [Forwarding clickElement on session ae7bbef1-9c64-42c4-b5e6-e387daa5a745 to remote] http.headers 136 - http-outgoing-647 >> Content-Length: 45
02-16-2018 14:29:09 LoggingManagedHttpClientConnection.java DEBUG [Forwarding clickElement on session ae7bbef1-9c64-42c4-b5e6-e387daa5a745 to remote] http.headers 136 - http-outgoing-647 >> Host: localhost:2384
02-16-2018 14:29:09 LoggingManagedHttpClientConnection.java DEBUG [Forwarding clickElement on session ae7bbef1-9c64-42c4-b5e6-e387daa5a745 to remote] http.headers 136 - http-outgoing-647 >> Connection: Keep-Alive
02-16-2018 14:29:09 LoggingManagedHttpClientConnection.java DEBUG [Forwarding clickElement on session ae7bbef1-9c64-42c4-b5e6-e387daa5a745 to remote] http.headers 136 - http-outgoing-647 >> User-Agent: Apache-HttpClient/4.5.3 (Java/1.8.0_151)
02-16-2018 14:29:09 LoggingManagedHttpClientConnection.java DEBUG [Forwarding clickElement on session ae7bbef1-9c64-42c4-b5e6-e387daa5a745 to remote] http.headers 136 - http-outgoing-647 >> Accept-Encoding: gzip,deflate
02-16-2018 14:29:09 Wire.java DEBUG [Forwarding clickElement on session ae7bbef1-9c64-42c4-b5e6-e387daa5a745 to remote] http.wire 73 - http-outgoing-647 >> "POST /session/ae7bbef1-9c64-42c4-b5e6-e387daa5a745/element/f481dcc0-c3f8-4f16-840c-7f1462424b50/click HTTP/1.1[\r][\n]"
02-16-2018 14:29:09 Wire.java DEBUG [Forwarding clickElement on session ae7bbef1-9c64-42c4-b5e6-e387daa5a745 to remote] http.wire 73 - http-outgoing-647 >> "Content-Type: application/json; charset=utf-8[\r][\n]"
02-16-2018 14:29:09 Wire.java DEBUG [Forwarding clickElement on session ae7bbef1-9c64-42c4-b5e6-e387daa5a745 to remote] http.wire 73 - http-outgoing-647 >> "Content-Length: 45[\r][\n]"
02-16-2018 14:29:09 Wire.java DEBUG [Forwarding clickElement on session ae7bbef1-9c64-42c4-b5e6-e387daa5a745 to remote] http.wire 73 - http-outgoing-647 >> "Host: localhost:2384[\r][\n]"
02-16-2018 14:29:09 Wire.java DEBUG [Forwarding clickElement on session ae7bbef1-9c64-42c4-b5e6-e387daa5a745 to remote] http.wire 73 - http-outgoing-647 >> "Connection: Keep-Alive[\r][\n]"
02-16-2018 14:29:09 Wire.java DEBUG [Forwarding clickElement on session ae7bbef1-9c64-42c4-b5e6-e387daa5a745 to remote] http.wire 73 - http-outgoing-647 >> "User-Agent: Apache-HttpClient/4.5.3 (Java/1.8.0_151)[\r][\n]"
02-16-2018 14:29:09 Wire.java DEBUG [Forwarding clickElement on session ae7bbef1-9c64-42c4-b5e6-e387daa5a745 to remote] http.wire 73 - http-outgoing-647 >> "Accept-Encoding: gzip,deflate[\r][\n]"
02-16-2018 14:29:09 Wire.java DEBUG [Forwarding clickElement on session ae7bbef1-9c64-42c4-b5e6-e387daa5a745 to remote] http.wire 73 - http-outgoing-647 >> "[\r][\n]"
02-16-2018 14:29:09 Wire.java DEBUG [Forwarding clickElement on session ae7bbef1-9c64-42c4-b5e6-e387daa5a745 to remote] http.wire 87 - http-outgoing-647 >> "{"id":"f481dcc0-c3f8-4f16-840c-7f1462424b50"}"
02-16-2018 14:29:09 Wire.java DEBUG [Forwarding clickElement on session ae7bbef1-9c64-42c4-b5e6-e387daa5a745 to remote] http.wire 73 - http-outgoing-647 << "HTTP/1.1 400 Bad Request[\r][\n]"
02-16-2018 14:29:09 Wire.java DEBUG [Forwarding clickElement on session ae7bbef1-9c64-42c4-b5e6-e387daa5a745 to remote] http.wire 73 - http-outgoing-647 << "Connection: close[\r][\n]"
02-16-2018 14:29:09 Wire.java DEBUG [Forwarding clickElement on session ae7bbef1-9c64-42c4-b5e6-e387daa5a745 to remote] http.wire 73 - http-outgoing-647 << "Content-Type: application/json; charset=utf-8[\r][\n]"
02-16-2018 14:29:09 Wire.java DEBUG [Forwarding clickElement on session ae7bbef1-9c64-42c4-b5e6-e387daa5a745 to remote] http.wire 73 - http-outgoing-647 << "Cache-Control: no-cache[\r][\n]"
02-16-2018 14:29:09 Wire.java DEBUG [Forwarding clickElement on session ae7bbef1-9c64-42c4-b5e6-e387daa5a745 to remote] http.wire 73 - http-outgoing-647 << "Content-Length: 1148[\r][\n]"
02-16-2018 14:29:09 Wire.java DEBUG [Forwarding clickElement on session ae7bbef1-9c64-42c4-b5e6-e387daa5a745 to remote] http.wire 73 - http-outgoing-647 << "Date: Fri, 16 Feb 2018 20:29:09 GMT[\r][\n]"
02-16-2018 14:29:09 Wire.java DEBUG [Forwarding clickElement on session ae7bbef1-9c64-42c4-b5e6-e387daa5a745 to remote] http.wire 73 - http-outgoing-647 << "[\r][\n]"
02-16-2018 14:29:09 Wire.java DEBUG [Forwarding clickElement on session ae7bbef1-9c64-42c4-b5e6-e387daa5a745 to remote] http.wire 87 - http-outgoing-647 << "{"value":{"error":"element not interactable","message":"","stacktrace":"WebDriverError@chrome://marionette/content/error.js:227:5\nElementNotInteractableError@chrome://marionette/content/error.js:335:5\nseleniumClickElement@chrome://marionette/content/interaction.js:240:11\nTaskImpl_run@resource://gre/modules/Task.jsm:331:42\nTaskImpl@resource://gre/modules/Task.jsm:280:3\nasyncFunction@resource://gre/modules/Task.jsm:252:14\nTask_spawn@resource://gre/modules/Task.jsm:166:12\nTaskImpl_handleResultValue@resource://gre/modules/Task.jsm:401:16\nTaskImpl_run@resource://gre/modules/Task.jsm:339:15\nTaskImpl@resource://gre/modules/Task.jsm:280:3\nasyncFunction@resource://gre/modules/Task.jsm:252:14\nTask_spawn@resource://gre/modules/Task.jsm:166:12\nTaskImpl_handleResultValue@resource://gre/modules/Task.jsm:401:16\nTaskImpl_run@resource://gre/modules/Task.jsm:339:15\nTaskImpl@resource://gre/modules/Task.jsm:280:3\nasyncFunction@resource://gre/modules/Task.jsm:252:14\nTask_spawn@resource://gre/modules/Task.jsm:166:12\nnavigate@chrome://marionette/content/listener.js:451:12\nclickElement@chrome://marionette/content/listener.js:1371:5\n"}}"
02-16-2018 14:29:09 LoggingManagedHttpClientConnection.java DEBUG [Forwarding clickElement on session ae7bbef1-9c64-42c4-b5e6-e387daa5a745 to remote] http.headers 122 - http-outgoing-647 << HTTP/1.1 400 Bad Request
02-16-2018 14:29:09 LoggingManagedHttpClientConnection.java DEBUG [Forwarding clickElement on session ae7bbef1-9c64-42c4-b5e6-e387daa5a745 to remote] http.headers 125 - http-outgoing-647 << Connection: close
02-16-2018 14:29:09 LoggingManagedHttpClientConnection.java DEBUG [Forwarding clickElement on session ae7bbef1-9c64-42c4-b5e6-e387daa5a745 to remote] http.headers 125 - http-outgoing-647 << Content-Type: application/json; charset=utf-8
02-16-2018 14:29:09 LoggingManagedHttpClientConnection.java DEBUG [Forwarding clickElement on session ae7bbef1-9c64-42c4-b5e6-e387daa5a745 to remote] http.headers 125 - http-outgoing-647 << Cache-Control: no-cache
02-16-2018 14:29:09 LoggingManagedHttpClientConnection.java DEBUG [Forwarding clickElement on session ae7bbef1-9c64-42c4-b5e6-e387daa5a745 to remote] http.headers 125 - http-outgoing-647 << Content-Length: 1148
02-16-2018 14:29:09 LoggingManagedHttpClientConnection.java DEBUG [Forwarding clickElement on session ae7bbef1-9c64-42c4-b5e6-e387daa5a745 to remote] http.headers 125 - http-outgoing-647 << Date: Fri, 16 Feb 2018 20:29:09 GMT
02-16-2018 14:29:09 LoggingManagedHttpClientConnection.java DEBUG [Forwarding clickElement on session ae7bbef1-9c64-42c4-b5e6-e387daa5a745 to remote] conn.DefaultManagedHttpClientConnection 79 - http-outgoing-647: Close connection
02-16-2018 14:29:09 ConnectionHolder.java DEBUG [Forwarding clickElement on session ae7bbef1-9c64-42c4-b5e6-e387daa5a745 to remote] execchain.MainClientExec 104 - Connection discarded
02-16-2018 14:29:09 PoolingHttpClientConnectionManager.java DEBUG [Forwarding clickElement on session ae7bbef1-9c64-42c4-b5e6-e387daa5a745 to remote] conn.PoolingHttpClientConnectionManager 326 - Connection released: [id: 647][route: {}->http://localhost:2384][total kept alive: 0; route allocated: 0 of 2000; total allocated: 0 of 2000]
]]></system-out>
    <system-err><![CDATA[1518812919561	Marionette	INFO	New connections will no longer be accepted
[Parent 24896] WARNING: pipe error: 109: file z:/build/build/src/ipc/chromium/src/chrome/common/ipc_channel_win.cc, line 346
1518812919992	geckodriver	INFO	geckodriver 0.19.1
1518812920007	geckodriver	INFO	Listening on 127.0.0.1:2384
1518812920492	mozrunner::runner	INFO	Running command: "C:\\Program Files\\Mozilla Firefox\\firefox.exe" "-marionette" "-profile" "C:\\Users\\venka\\AppData\\Local\\Temp\\rust_mozprofile.rjz7lCSjFvqj"
1518812920676	addons.xpi	WARN	Error parsing extensions state: [Exception... "Component returned failure code: 0x80520012 (NS_ERROR_FILE_NOT_FOUND) [amIAddonManagerStartup.readStartupData]"  nsresult: "0x80520012 (NS_ERROR_FILE_NOT_FOUND)"  location: "JS frame :: resource://gre/modules/addons/XPIProvider.jsm :: loadExtensionState :: line 1554"  data: no] Stack trace: loadExtensionState()@resource://gre/modules/addons/XPIProvider.jsm:1554 < getInstallState()@resource://gre/modules/addons/XPIProvider.jsm:1589 < checkForChanges()@resource://gre/modules/addons/XPIProvider.jsm:3109 < startup()@resource://gre/modules/addons/XPIProvider.jsm:2188 < callProvider()@resource://gre/modules/AddonManager.jsm:269 < _startProvider()@resource://gre/modules/AddonManager.jsm:739 < startup()@resource://gre/modules/AddonManager.jsm:906 < startup()@resource://gre/modules/AddonManager.jsm:3090 < observe()@jar:file:///C:/Program%20Files/Mozilla%20Firefox/omni.ja!/components/addonManager.js:65
Unable to read VR Path Registry from C:\Users\venka\AppData\Local\openvr\openvrpaths.vrpath
1518812922117	Marionette	INFO	Enabled via --marionette
Unable to read VR Path Registry from C:\Users\venka\AppData\Local\openvr\openvrpaths.vrpath
Unable to read VR Path Registry from C:\Users\venka\AppData\Local\openvr\openvrpaths.vrpath
Unable to read VR Path Registry from C:\Users\venka\AppData\Local\openvr\openvrpaths.vrpath
Unable to read VR Path Registry from C:\Users\venka\AppData\Local\openvr\openvrpaths.vrpath
[Child 21868] WARNING: pipe error: 109: file z:/build/build/src/ipc/chromium/src/chrome/common/ipc_channel_win.cc, line 346
[Child 21868] WARNING: pipe error: 109: file z:/build1518812924522	Marionette	INFO	Listening on port 58795
1518812924685	Marionette	WARN	TLS certificate errors will be ignored for this session
1518812924712	Marionette	DEBUG	Register listener.js for window 4294967297
Feb 16, 2018 2:28:44 PM org.openqa.selenium.remote.ProtocolHandshake createSession
INFO: Detected dialect: W3C
1518812924802	Marionette	DEBUG	Received DOM event "beforeunload" for "about:blank"
1518812925478	Marionette	DEBUG	Received DOM event "pagehide" for "about:blank"
1518812925478	Marionette	DEBUG	Received DOM event "unload" for "about:blank"
JavaScript warning: http://jusdone.atomic77.in/js/main.js, line 28: Using //@ to indicate sourceURL pragmas is deprecated. Use //# instead
1518812926940	Marionette	DEBUG	Received DOM event "DOMContentLoaded" for "http://jusdone.atomic77.in/"
1518812928417	Marionette	DEBUG	Received DOM event "pageshow" for "http://jusdone.atomic77.in/"
1518812931479	Marionette	DEBUG	Received DOM event "beforeunload" for "http://jusdone.atomic77.in/"
1518812931906	Marionette	DEBUG	Received DOM event "pagehide" for "http://jusdone.atomic77.in/"
1518812931907	Marionette	DEBUG	Received DOM event "unload" for "http://jusdone.atomic77.in/"
JavaScript warning: http://jusdone.atomic77.in/js/main.js, line 28: Using //@ to indicate sourceURL pragmas is deprecated. Use //# instead
1518812937318	Marionette	DEBUG	Received DOM event "DOMContentLoaded" for "http://jusdone.atomic77.in/login"
1518812937430	Marionette	DEBUG	Received DOM event "pageshow" for "http://jusdone.atomic77.in/login"
JavaScript error: http://jusdone.atomic77.in/js/main.js, line 143: TypeError: $(...).css(...) is undefined
1518812940591	Marionette	DEBUG	Received DOM event "beforeunload" for "http://jusdone.atomic77.in/login"
1518812942676	Marionette	DEBUG	Received DOM event "pagehide" for "http://jusdone.atomic77.in/login"
1518812942679	Marionette	DEBUG	Received DOM event "unload" for "http://jusdone.atomic77.in/login"
1518812948739	Marionette	DEBUG	Received DOM event "DOMContentLoaded" for "http://jusdone.atomic77.in/home"
JavaScript error: , line 0: uncaught exception: InvalidValueError: initMap is not a function
1518812949198	Marionette	DEBUG	Received DOM event "pageshow" for "http://jusdone.atomic77.in/home"
]]></system-err>
  </testcase>
  <testcase name="ClickTaskBtnTest" classname="com.JusDone.qa.TestCases.DashBoardPageTest" time="6.667"/>
  <testcase name="ClickLogOutBtn" classname="com.JusDone.qa.TestCases.DashBoardPageTest" time="0.783"/>
  <testcase name="verifyCreateNewTaskLinkTest" classname="com.JusDone.qa.TestCases.TaskPageTest" time="3.049"/>
  <testcase name="verifyMembersLinkTest" classname="com.JusDone.qa.TestCases.TaskPageTest" time="0.047"/>
  <testcase name="verifySettingsLinkTest" classname="com.JusDone.qa.TestCases.TaskPageTest" time="0.047"/>
  <testcase name="ClickCreateNewTaskLinkTest" classname="com.JusDone.qa.TestCases.TaskPageTest" time="4.307"/>
</testsuite>