<?xml version="1.0" encoding="UTF-8"?>
<testng-results skipped="0" failed="0" ignored="1" total="19" passed="18">
  <reporter-output>
  </reporter-output>
  <suite name="Default suite" duration-ms="396813" started-at="2018-02-08T18:00:26Z" finished-at="2018-02-08T18:07:03Z">
    <groups>
    </groups>
    <test name="Default test" duration-ms="396813" started-at="2018-02-08T18:00:26Z" finished-at="2018-02-08T18:07:03Z">
      <class name="com.JusDone.qa.TestCases.DashBoardPageTest">
        <test-method status="PASS" signature="setUp()[pri:0, instance:com.JusDone.qa.TestCases.DashBoardPageTest@7d9d1a19]" name="setUp" is-config="true" duration-ms="21530" started-at="2018-02-08T12:00:26Z" finished-at="2018-02-08T12:00:48Z">
          <reporter-output>
          </reporter-output>
        </test-method> <!-- setUp -->
        <test-method status="PASS" signature="verifyJusDoneImageTest()[pri:1, instance:com.JusDone.qa.TestCases.DashBoardPageTest@7d9d1a19]" name="verifyJusDoneImageTest" duration-ms="6064" started-at="2018-02-08T12:00:48Z" finished-at="2018-02-08T12:00:54Z">
          <reporter-output>
          </reporter-output>
        </test-method> <!-- verifyJusDoneImageTest -->
        <test-method status="PASS" signature="tearDown()[pri:0, instance:com.JusDone.qa.TestCases.DashBoardPageTest@7d9d1a19]" name="tearDown" is-config="true" duration-ms="754" started-at="2018-02-08T12:00:54Z" finished-at="2018-02-08T12:00:55Z">
          <reporter-output>
          </reporter-output>
        </test-method> <!-- tearDown -->
        <test-method status="PASS" signature="setUp()[pri:0, instance:com.JusDone.qa.TestCases.DashBoardPageTest@7d9d1a19]" name="setUp" is-config="true" duration-ms="19335" started-at="2018-02-08T12:00:55Z" finished-at="2018-02-08T12:01:14Z">
          <reporter-output>
          </reporter-output>
        </test-method> <!-- setUp -->
        <test-method status="PASS" signature="verifyUserNameTest()[pri:2, instance:com.JusDone.qa.TestCases.DashBoardPageTest@7d9d1a19]" name="verifyUserNameTest" duration-ms="66" started-at="2018-02-08T12:01:14Z" finished-at="2018-02-08T12:01:14Z">
          <reporter-output>
          </reporter-output>
        </test-method> <!-- verifyUserNameTest -->
        <test-method status="PASS" signature="tearDown()[pri:0, instance:com.JusDone.qa.TestCases.DashBoardPageTest@7d9d1a19]" name="tearDown" is-config="true" duration-ms="680" started-at="2018-02-08T12:01:14Z" finished-at="2018-02-08T12:01:15Z">
          <reporter-output>
          </reporter-output>
        </test-method> <!-- tearDown -->
        <test-method status="PASS" signature="setUp()[pri:0, instance:com.JusDone.qa.TestCases.DashBoardPageTest@7d9d1a19]" name="setUp" is-config="true" duration-ms="24377" started-at="2018-02-08T12:01:15Z" finished-at="2018-02-08T12:01:39Z">
          <reporter-output>
          </reporter-output>
        </test-method> <!-- setUp -->
        <test-method status="PASS" signature="verifyTeamLabelTest()[pri:3, instance:com.JusDone.qa.TestCases.DashBoardPageTest@7d9d1a19]" name="verifyTeamLabelTest" duration-ms="52" started-at="2018-02-08T12:01:39Z" finished-at="2018-02-08T12:01:39Z">
          <reporter-output>
          </reporter-output>
        </test-method> <!-- verifyTeamLabelTest -->
        <test-method status="PASS" signature="tearDown()[pri:0, instance:com.JusDone.qa.TestCases.DashBoardPageTest@7d9d1a19]" name="tearDown" is-config="true" duration-ms="692" started-at="2018-02-08T12:01:39Z" finished-at="2018-02-08T12:01:40Z">
          <reporter-output>
          </reporter-output>
        </test-method> <!-- tearDown -->
        <test-method status="PASS" signature="setUp()[pri:0, instance:com.JusDone.qa.TestCases.DashBoardPageTest@7d9d1a19]" name="setUp" is-config="true" duration-ms="23025" started-at="2018-02-08T12:01:40Z" finished-at="2018-02-08T12:02:03Z">
          <reporter-output>
          </reporter-output>
        </test-method> <!-- setUp -->
        <test-method status="PASS" signature="verifySearchBoxTest()[pri:4, instance:com.JusDone.qa.TestCases.DashBoardPageTest@7d9d1a19]" name="verifySearchBoxTest" duration-ms="51" started-at="2018-02-08T12:02:03Z" finished-at="2018-02-08T12:02:03Z">
          <reporter-output>
          </reporter-output>
        </test-method> <!-- verifySearchBoxTest -->
        <test-method status="PASS" signature="tearDown()[pri:0, instance:com.JusDone.qa.TestCases.DashBoardPageTest@7d9d1a19]" name="tearDown" is-config="true" duration-ms="685" started-at="2018-02-08T12:02:03Z" finished-at="2018-02-08T12:02:04Z">
          <reporter-output>
          </reporter-output>
        </test-method> <!-- tearDown -->
        <test-method status="PASS" signature="setUp()[pri:0, instance:com.JusDone.qa.TestCases.DashBoardPageTest@7d9d1a19]" name="setUp" is-config="true" duration-ms="18924" started-at="2018-02-08T12:02:04Z" finished-at="2018-02-08T12:02:23Z">
          <reporter-output>
          </reporter-output>
        </test-method> <!-- setUp -->
        <test-method status="PASS" signature="verifyTeamNameLabelTest()[pri:5, instance:com.JusDone.qa.TestCases.DashBoardPageTest@7d9d1a19]" name="verifyTeamNameLabelTest" duration-ms="100" started-at="2018-02-08T12:02:23Z" finished-at="2018-02-08T12:02:23Z">
          <reporter-output>
          </reporter-output>
        </test-method> <!-- verifyTeamNameLabelTest -->
        <test-method status="PASS" signature="tearDown()[pri:0, instance:com.JusDone.qa.TestCases.DashBoardPageTest@7d9d1a19]" name="tearDown" is-config="true" duration-ms="684" started-at="2018-02-08T12:02:23Z" finished-at="2018-02-08T12:02:23Z">
          <reporter-output>
          </reporter-output>
        </test-method> <!-- tearDown -->
        <test-method status="PASS" signature="setUp()[pri:0, instance:com.JusDone.qa.TestCases.DashBoardPageTest@7d9d1a19]" name="setUp" is-config="true" duration-ms="19289" started-at="2018-02-08T12:02:23Z" finished-at="2018-02-08T12:02:43Z">
          <reporter-output>
          </reporter-output>
        </test-method> <!-- setUp -->
        <test-method status="PASS" signature="verifyDashBoardBtnTest()[pri:6, instance:com.JusDone.qa.TestCases.DashBoardPageTest@7d9d1a19]" name="verifyDashBoardBtnTest" duration-ms="49" started-at="2018-02-08T12:02:43Z" finished-at="2018-02-08T12:02:43Z">
          <reporter-output>
          </reporter-output>
        </test-method> <!-- verifyDashBoardBtnTest -->
        <test-method status="PASS" signature="tearDown()[pri:0, instance:com.JusDone.qa.TestCases.DashBoardPageTest@7d9d1a19]" name="tearDown" is-config="true" duration-ms="673" started-at="2018-02-08T12:02:43Z" finished-at="2018-02-08T12:02:43Z">
          <reporter-output>
          </reporter-output>
        </test-method> <!-- tearDown -->
        <test-method status="PASS" signature="setUp()[pri:0, instance:com.JusDone.qa.TestCases.DashBoardPageTest@7d9d1a19]" name="setUp" is-config="true" duration-ms="19056" started-at="2018-02-08T12:02:43Z" finished-at="2018-02-08T12:03:03Z">
          <reporter-output>
          </reporter-output>
        </test-method> <!-- setUp -->
        <test-method status="PASS" signature="verifyTeamsBtnTest()[pri:7, instance:com.JusDone.qa.TestCases.DashBoardPageTest@7d9d1a19]" name="verifyTeamsBtnTest" duration-ms="63" started-at="2018-02-08T12:03:03Z" finished-at="2018-02-08T12:03:03Z">
          <reporter-output>
          </reporter-output>
        </test-method> <!-- verifyTeamsBtnTest -->
        <test-method status="PASS" signature="tearDown()[pri:0, instance:com.JusDone.qa.TestCases.DashBoardPageTest@7d9d1a19]" name="tearDown" is-config="true" duration-ms="698" started-at="2018-02-08T12:03:03Z" finished-at="2018-02-08T12:03:03Z">
          <reporter-output>
          </reporter-output>
        </test-method> <!-- tearDown -->
        <test-method status="PASS" signature="setUp()[pri:0, instance:com.JusDone.qa.TestCases.DashBoardPageTest@7d9d1a19]" name="setUp" is-config="true" duration-ms="19561" started-at="2018-02-08T12:03:03Z" finished-at="2018-02-08T12:03:23Z">
          <reporter-output>
          </reporter-output>
        </test-method> <!-- setUp -->
        <test-method status="PASS" signature="verifyTaskBtnTest()[pri:8, instance:com.JusDone.qa.TestCases.DashBoardPageTest@7d9d1a19]" name="verifyTaskBtnTest" duration-ms="44" started-at="2018-02-08T12:03:23Z" finished-at="2018-02-08T12:03:23Z">
          <reporter-output>
          </reporter-output>
        </test-method> <!-- verifyTaskBtnTest -->
        <test-method status="PASS" signature="tearDown()[pri:0, instance:com.JusDone.qa.TestCases.DashBoardPageTest@7d9d1a19]" name="tearDown" is-config="true" duration-ms="742" started-at="2018-02-08T12:03:23Z" finished-at="2018-02-08T12:03:24Z">
          <reporter-output>
          </reporter-output>
        </test-method> <!-- tearDown -->
        <test-method status="PASS" signature="setUp()[pri:0, instance:com.JusDone.qa.TestCases.DashBoardPageTest@7d9d1a19]" name="setUp" is-config="true" duration-ms="18766" started-at="2018-02-08T12:03:24Z" finished-at="2018-02-08T12:03:42Z">
          <reporter-output>
          </reporter-output>
        </test-method> <!-- setUp -->
        <test-method status="PASS" signature="verifyInvitesBtnTest()[pri:9, instance:com.JusDone.qa.TestCases.DashBoardPageTest@7d9d1a19]" name="verifyInvitesBtnTest" duration-ms="42" started-at="2018-02-08T12:03:42Z" finished-at="2018-02-08T12:03:42Z">
          <reporter-output>
          </reporter-output>
        </test-method> <!-- verifyInvitesBtnTest -->
        <test-method status="PASS" signature="tearDown()[pri:0, instance:com.JusDone.qa.TestCases.DashBoardPageTest@7d9d1a19]" name="tearDown" is-config="true" duration-ms="648" started-at="2018-02-08T12:03:42Z" finished-at="2018-02-08T12:03:43Z">
          <reporter-output>
          </reporter-output>
        </test-method> <!-- tearDown -->
        <test-method status="PASS" signature="setUp()[pri:0, instance:com.JusDone.qa.TestCases.DashBoardPageTest@7d9d1a19]" name="setUp" is-config="true" duration-ms="18705" started-at="2018-02-08T12:03:43Z" finished-at="2018-02-08T12:04:02Z">
          <reporter-output>
          </reporter-output>
        </test-method> <!-- setUp -->
        <test-method status="PASS" signature="verifySettingsBtnTest()[pri:10, instance:com.JusDone.qa.TestCases.DashBoardPageTest@7d9d1a19]" name="verifySettingsBtnTest" duration-ms="47" started-at="2018-02-08T12:04:02Z" finished-at="2018-02-08T12:04:02Z">
          <reporter-output>
          </reporter-output>
        </test-method> <!-- verifySettingsBtnTest -->
        <test-method status="PASS" signature="tearDown()[pri:0, instance:com.JusDone.qa.TestCases.DashBoardPageTest@7d9d1a19]" name="tearDown" is-config="true" duration-ms="658" started-at="2018-02-08T12:04:02Z" finished-at="2018-02-08T12:04:03Z">
          <reporter-output>
          </reporter-output>
        </test-method> <!-- tearDown -->
        <test-method status="PASS" signature="setUp()[pri:0, instance:com.JusDone.qa.TestCases.DashBoardPageTest@7d9d1a19]" name="setUp" is-config="true" duration-ms="20489" started-at="2018-02-08T12:04:03Z" finished-at="2018-02-08T12:04:23Z">
          <reporter-output>
          </reporter-output>
        </test-method> <!-- setUp -->
        <test-method status="PASS" signature="verifyMenuBarTest()[pri:11, instance:com.JusDone.qa.TestCases.DashBoardPageTest@7d9d1a19]" name="verifyMenuBarTest" duration-ms="42" started-at="2018-02-08T12:04:23Z" finished-at="2018-02-08T12:04:23Z">
          <reporter-output>
          </reporter-output>
        </test-method> <!-- verifyMenuBarTest -->
        <test-method status="PASS" signature="tearDown()[pri:0, instance:com.JusDone.qa.TestCases.DashBoardPageTest@7d9d1a19]" name="tearDown" is-config="true" duration-ms="654" started-at="2018-02-08T12:04:23Z" finished-at="2018-02-08T12:04:24Z">
          <reporter-output>
          </reporter-output>
        </test-method> <!-- tearDown -->
        <test-method status="PASS" signature="setUp()[pri:0, instance:com.JusDone.qa.TestCases.DashBoardPageTest@7d9d1a19]" name="setUp" is-config="true" duration-ms="21555" started-at="2018-02-08T12:04:24Z" finished-at="2018-02-08T12:04:45Z">
          <reporter-output>
          </reporter-output>
        </test-method> <!-- setUp -->
        <test-method status="PASS" signature="verifyCreateNewTeamBtnTest()[pri:12, instance:com.JusDone.qa.TestCases.DashBoardPageTest@7d9d1a19]" name="verifyCreateNewTeamBtnTest" duration-ms="51" started-at="2018-02-08T12:04:45Z" finished-at="2018-02-08T12:04:45Z">
          <reporter-output>
          </reporter-output>
        </test-method> <!-- verifyCreateNewTeamBtnTest -->
        <test-method status="PASS" signature="tearDown()[pri:0, instance:com.JusDone.qa.TestCases.DashBoardPageTest@7d9d1a19]" name="tearDown" is-config="true" duration-ms="663" started-at="2018-02-08T12:04:45Z" finished-at="2018-02-08T12:04:46Z">
          <reporter-output>
          </reporter-output>
        </test-method> <!-- tearDown -->
        <test-method status="PASS" signature="setUp()[pri:0, instance:com.JusDone.qa.TestCases.DashBoardPageTest@7d9d1a19]" name="setUp" is-config="true" duration-ms="18770" started-at="2018-02-08T12:04:46Z" finished-at="2018-02-08T12:05:05Z">
          <reporter-output>
          </reporter-output>
        </test-method> <!-- setUp -->
        <test-method status="PASS" signature="verifyBellBtnTest()[pri:13, instance:com.JusDone.qa.TestCases.DashBoardPageTest@7d9d1a19]" name="verifyBellBtnTest" duration-ms="49" started-at="2018-02-08T12:05:05Z" finished-at="2018-02-08T12:05:05Z">
          <reporter-output>
          </reporter-output>
        </test-method> <!-- verifyBellBtnTest -->
        <test-method status="PASS" signature="tearDown()[pri:0, instance:com.JusDone.qa.TestCases.DashBoardPageTest@7d9d1a19]" name="tearDown" is-config="true" duration-ms="709" started-at="2018-02-08T12:05:05Z" finished-at="2018-02-08T12:05:05Z">
          <reporter-output>
          </reporter-output>
        </test-method> <!-- tearDown -->
        <test-method status="PASS" signature="setUp()[pri:0, instance:com.JusDone.qa.TestCases.DashBoardPageTest@7d9d1a19]" name="setUp" is-config="true" duration-ms="19622" started-at="2018-02-08T12:05:05Z" finished-at="2018-02-08T12:05:25Z">
          <reporter-output>
          </reporter-output>
        </test-method> <!-- setUp -->
        <test-method status="PASS" signature="verifyLogOutBtnTest()[pri:14, instance:com.JusDone.qa.TestCases.DashBoardPageTest@7d9d1a19]" name="verifyLogOutBtnTest" duration-ms="38" started-at="2018-02-08T12:05:25Z" finished-at="2018-02-08T12:05:25Z">
          <reporter-output>
          </reporter-output>
        </test-method> <!-- verifyLogOutBtnTest -->
        <test-method status="PASS" signature="tearDown()[pri:0, instance:com.JusDone.qa.TestCases.DashBoardPageTest@7d9d1a19]" name="tearDown" is-config="true" duration-ms="647" started-at="2018-02-08T12:05:25Z" finished-at="2018-02-08T12:05:26Z">
          <reporter-output>
          </reporter-output>
        </test-method> <!-- tearDown -->
        <test-method status="PASS" signature="setUp()[pri:0, instance:com.JusDone.qa.TestCases.DashBoardPageTest@7d9d1a19]" name="setUp" is-config="true" duration-ms="19484" started-at="2018-02-08T12:05:26Z" finished-at="2018-02-08T12:05:45Z">
          <reporter-output>
          </reporter-output>
        </test-method> <!-- setUp -->
        <test-method status="PASS" signature="verifyCreateNewTaskLinkTest()[pri:15, instance:com.JusDone.qa.TestCases.DashBoardPageTest@7d9d1a19]" name="verifyCreateNewTaskLinkTest" duration-ms="52" started-at="2018-02-08T12:05:45Z" finished-at="2018-02-08T12:05:45Z">
          <reporter-output>
          </reporter-output>
        </test-method> <!-- verifyCreateNewTaskLinkTest -->
        <test-method status="PASS" signature="tearDown()[pri:0, instance:com.JusDone.qa.TestCases.DashBoardPageTest@7d9d1a19]" name="tearDown" is-config="true" duration-ms="651" started-at="2018-02-08T12:05:45Z" finished-at="2018-02-08T12:05:46Z">
          <reporter-output>
          </reporter-output>
        </test-method> <!-- tearDown -->
        <test-method status="PASS" signature="setUp()[pri:0, instance:com.JusDone.qa.TestCases.DashBoardPageTest@7d9d1a19]" name="setUp" is-config="true" duration-ms="21745" started-at="2018-02-08T12:05:46Z" finished-at="2018-02-08T12:06:08Z">
          <reporter-output>
          </reporter-output>
        </test-method> <!-- setUp -->
        <test-method status="PASS" signature="CreateTeamBtnTest()[pri:16, instance:com.JusDone.qa.TestCases.DashBoardPageTest@7d9d1a19]" name="CreateTeamBtnTest" duration-ms="7713" started-at="2018-02-08T12:06:08Z" finished-at="2018-02-08T12:06:15Z">
          <reporter-output>
          </reporter-output>
        </test-method> <!-- CreateTeamBtnTest -->
        <test-method status="PASS" signature="tearDown()[pri:0, instance:com.JusDone.qa.TestCases.DashBoardPageTest@7d9d1a19]" name="tearDown" is-config="true" duration-ms="703" started-at="2018-02-08T12:06:15Z" finished-at="2018-02-08T12:06:16Z">
          <reporter-output>
          </reporter-output>
        </test-method> <!-- tearDown -->
        <test-method status="PASS" signature="setUp()[pri:0, instance:com.JusDone.qa.TestCases.DashBoardPageTest@7d9d1a19]" name="setUp" is-config="true" duration-ms="19097" started-at="2018-02-08T12:06:16Z" finished-at="2018-02-08T12:06:35Z">
          <reporter-output>
          </reporter-output>
        </test-method> <!-- setUp -->
        <test-method status="PASS" signature="ClickTaskBtnTest()[pri:18, instance:com.JusDone.qa.TestCases.DashBoardPageTest@7d9d1a19]" name="ClickTaskBtnTest" duration-ms="6012" started-at="2018-02-08T12:06:35Z" finished-at="2018-02-08T12:06:41Z">
          <reporter-output>
          </reporter-output>
        </test-method> <!-- ClickTaskBtnTest -->
        <test-method status="PASS" signature="tearDown()[pri:0, instance:com.JusDone.qa.TestCases.DashBoardPageTest@7d9d1a19]" name="tearDown" is-config="true" duration-ms="692" started-at="2018-02-08T12:06:41Z" finished-at="2018-02-08T12:06:42Z">
          <reporter-output>
          </reporter-output>
        </test-method> <!-- tearDown -->
        <test-method status="PASS" signature="setUp()[pri:0, instance:com.JusDone.qa.TestCases.DashBoardPageTest@7d9d1a19]" name="setUp" is-config="true" duration-ms="19052" started-at="2018-02-08T12:06:42Z" finished-at="2018-02-08T12:07:01Z">
          <reporter-output>
          </reporter-output>
        </test-method> <!-- setUp -->
        <test-method status="PASS" signature="ClickLogOutBtn()[pri:19, instance:com.JusDone.qa.TestCases.DashBoardPageTest@7d9d1a19]" name="ClickLogOutBtn" duration-ms="1531" started-at="2018-02-08T12:07:01Z" finished-at="2018-02-08T12:07:03Z">
          <reporter-output>
          </reporter-output>
        </test-method> <!-- ClickLogOutBtn -->
        <test-method status="PASS" signature="tearDown()[pri:0, instance:com.JusDone.qa.TestCases.DashBoardPageTest@7d9d1a19]" name="tearDown" is-config="true" duration-ms="663" started-at="2018-02-08T12:07:03Z" finished-at="2018-02-08T12:07:03Z">
          <reporter-output>
          </reporter-output>
        </test-method> <!-- tearDown -->
      </class> <!-- com.JusDone.qa.TestCases.DashBoardPageTest -->
    </test> <!-- Default test -->
  </suite> <!-- Default suite -->
</testng-results>
