<?xml version="1.0" encoding="UTF-8"?>
<testng-results skipped="0" failed="0" ignored="1" total="16" passed="15">
  <reporter-output>
  </reporter-output>
  <suite name="JusDone Application Test Automation Test Suite" duration-ms="177966" started-at="2018-02-11T02:00:51Z" finished-at="2018-02-11T02:03:49Z">
    <groups>
    </groups>
    <test name="MultipleTests using Selenium Grid with Chrome Browser" duration-ms="107906" started-at="2018-02-11T02:00:51Z" finished-at="2018-02-11T02:02:39Z">
      <class name="com.JusDone.qa.TestCases.LoginPageTest">
        <test-method status="PASS" signature="setUp()[pri:0, instance:com.JusDone.qa.TestCases.LoginPageTest@42e26948]" name="setUp" is-config="true" duration-ms="15254" started-at="2018-02-10T20:00:51Z" finished-at="2018-02-10T20:01:06Z">
          <reporter-output>
          </reporter-output>
        </test-method> <!-- setUp -->
        <test-method status="PASS" signature="verifyLoginNameTest()[pri:1, instance:com.JusDone.qa.TestCases.LoginPageTest@42e26948]" name="verifyLoginNameTest" duration-ms="95" started-at="2018-02-10T20:01:06Z" finished-at="2018-02-10T20:01:06Z">
          <reporter-output>
          </reporter-output>
        </test-method> <!-- verifyLoginNameTest -->
        <test-method status="PASS" signature="tearDown()[pri:0, instance:com.JusDone.qa.TestCases.LoginPageTest@42e26948]" name="tearDown" is-config="true" duration-ms="271" started-at="2018-02-10T20:01:06Z" finished-at="2018-02-10T20:01:07Z">
          <reporter-output>
          </reporter-output>
        </test-method> <!-- tearDown -->
        <test-method status="PASS" signature="setUp()[pri:0, instance:com.JusDone.qa.TestCases.LoginPageTest@42e26948]" name="setUp" is-config="true" duration-ms="13682" started-at="2018-02-10T20:01:07Z" finished-at="2018-02-10T20:01:20Z">
          <reporter-output>
          </reporter-output>
        </test-method> <!-- setUp -->
        <test-method status="PASS" signature="verifyLForgotPwdTest()[pri:2, instance:com.JusDone.qa.TestCases.LoginPageTest@42e26948]" name="verifyLForgotPwdTest" duration-ms="58" started-at="2018-02-10T20:01:20Z" finished-at="2018-02-10T20:01:20Z">
          <reporter-output>
          </reporter-output>
        </test-method> <!-- verifyLForgotPwdTest -->
        <test-method status="PASS" signature="tearDown()[pri:0, instance:com.JusDone.qa.TestCases.LoginPageTest@42e26948]" name="tearDown" is-config="true" duration-ms="259" started-at="2018-02-10T20:01:20Z" finished-at="2018-02-10T20:01:21Z">
          <reporter-output>
          </reporter-output>
        </test-method> <!-- tearDown -->
        <test-method status="PASS" signature="setUp()[pri:0, instance:com.JusDone.qa.TestCases.LoginPageTest@42e26948]" name="setUp" is-config="true" duration-ms="13765" started-at="2018-02-10T20:01:21Z" finished-at="2018-02-10T20:01:34Z">
          <reporter-output>
          </reporter-output>
        </test-method> <!-- setUp -->
        <test-method status="PASS" signature="verifyLoginBtnTest()[pri:3, instance:com.JusDone.qa.TestCases.LoginPageTest@42e26948]" name="verifyLoginBtnTest" duration-ms="56" started-at="2018-02-10T20:01:34Z" finished-at="2018-02-10T20:01:34Z">
          <reporter-output>
          </reporter-output>
        </test-method> <!-- verifyLoginBtnTest -->
        <test-method status="PASS" signature="tearDown()[pri:0, instance:com.JusDone.qa.TestCases.LoginPageTest@42e26948]" name="tearDown" is-config="true" duration-ms="296" started-at="2018-02-10T20:01:34Z" finished-at="2018-02-10T20:01:35Z">
          <reporter-output>
          </reporter-output>
        </test-method> <!-- tearDown -->
        <test-method status="PASS" signature="setUp()[pri:0, instance:com.JusDone.qa.TestCases.LoginPageTest@42e26948]" name="setUp" is-config="true" duration-ms="12384" started-at="2018-02-10T20:01:35Z" finished-at="2018-02-10T20:01:47Z">
          <reporter-output>
          </reporter-output>
        </test-method> <!-- setUp -->
        <test-method status="PASS" signature="verifyLCreateAcctBtnTest()[pri:5, instance:com.JusDone.qa.TestCases.LoginPageTest@42e26948]" name="verifyLCreateAcctBtnTest" duration-ms="49" started-at="2018-02-10T20:01:47Z" finished-at="2018-02-10T20:01:47Z">
          <reporter-output>
          </reporter-output>
        </test-method> <!-- verifyLCreateAcctBtnTest -->
        <test-method status="PASS" signature="tearDown()[pri:0, instance:com.JusDone.qa.TestCases.LoginPageTest@42e26948]" name="tearDown" is-config="true" duration-ms="248" started-at="2018-02-10T20:01:47Z" finished-at="2018-02-10T20:01:47Z">
          <reporter-output>
          </reporter-output>
        </test-method> <!-- tearDown -->
        <test-method status="PASS" signature="setUp()[pri:0, instance:com.JusDone.qa.TestCases.LoginPageTest@42e26948]" name="setUp" is-config="true" duration-ms="14119" started-at="2018-02-10T20:01:47Z" finished-at="2018-02-10T20:02:02Z">
          <reporter-output>
          </reporter-output>
        </test-method> <!-- setUp -->
        <test-method status="PASS" signature="ValidLoginTest()[pri:6, instance:com.JusDone.qa.TestCases.LoginPageTest@42e26948]" name="ValidLoginTest" duration-ms="6640" started-at="2018-02-10T20:02:02Z" finished-at="2018-02-10T20:02:08Z">
          <reporter-output>
          </reporter-output>
        </test-method> <!-- ValidLoginTest -->
        <test-method status="PASS" signature="tearDown()[pri:0, instance:com.JusDone.qa.TestCases.LoginPageTest@42e26948]" name="tearDown" is-config="true" duration-ms="303" started-at="2018-02-10T20:02:08Z" finished-at="2018-02-10T20:02:08Z">
          <reporter-output>
          </reporter-output>
        </test-method> <!-- tearDown -->
        <test-method status="PASS" signature="setUp()[pri:0, instance:com.JusDone.qa.TestCases.LoginPageTest@42e26948]" name="setUp" is-config="true" duration-ms="13885" started-at="2018-02-10T20:02:08Z" finished-at="2018-02-10T20:02:22Z">
          <reporter-output>
          </reporter-output>
        </test-method> <!-- setUp -->
        <test-method status="PASS" signature="InvalidLoginTest()[pri:7, instance:com.JusDone.qa.TestCases.LoginPageTest@42e26948]" name="InvalidLoginTest" duration-ms="1725" started-at="2018-02-10T20:02:22Z" finished-at="2018-02-10T20:02:24Z">
          <reporter-output>
          </reporter-output>
        </test-method> <!-- InvalidLoginTest -->
        <test-method status="PASS" signature="tearDown()[pri:0, instance:com.JusDone.qa.TestCases.LoginPageTest@42e26948]" name="tearDown" is-config="true" duration-ms="242" started-at="2018-02-10T20:02:24Z" finished-at="2018-02-10T20:02:24Z">
          <reporter-output>
          </reporter-output>
        </test-method> <!-- tearDown -->
        <test-method status="PASS" signature="setUp()[pri:0, instance:com.JusDone.qa.TestCases.LoginPageTest@42e26948]" name="setUp" is-config="true" duration-ms="13535" started-at="2018-02-10T20:02:24Z" finished-at="2018-02-10T20:02:38Z">
          <reporter-output>
          </reporter-output>
        </test-method> <!-- setUp -->
        <test-method status="PASS" signature="BlankInputLoginTest()[pri:8, instance:com.JusDone.qa.TestCases.LoginPageTest@42e26948]" name="BlankInputLoginTest" duration-ms="725" started-at="2018-02-10T20:02:38Z" finished-at="2018-02-10T20:02:39Z">
          <reporter-output>
          </reporter-output>
        </test-method> <!-- BlankInputLoginTest -->
        <test-method status="PASS" signature="tearDown()[pri:0, instance:com.JusDone.qa.TestCases.LoginPageTest@42e26948]" name="tearDown" is-config="true" duration-ms="290" started-at="2018-02-10T20:02:39Z" finished-at="2018-02-10T20:02:39Z">
          <reporter-output>
          </reporter-output>
        </test-method> <!-- tearDown -->
      </class> <!-- com.JusDone.qa.TestCases.LoginPageTest -->
    </test> <!-- MultipleTests using Selenium Grid with Chrome Browser -->
    <test name="Hi" duration-ms="70048" started-at="2018-02-11T02:02:39Z" finished-at="2018-02-11T02:03:49Z">
      <class name="com.JusDone.qa.TestCases.HomePageTest">
        <test-method status="PASS" signature="setUp()[pri:0, instance:com.JusDone.qa.TestCases.HomePageTest@49fc609f]" name="setUp" is-config="true" duration-ms="7936" started-at="2018-02-10T20:02:39Z" finished-at="2018-02-10T20:02:47Z">
          <reporter-output>
          </reporter-output>
        </test-method> <!-- setUp -->
        <test-method status="PASS" signature="verifyHomePageTitleTest()[pri:1, instance:com.JusDone.qa.TestCases.HomePageTest@49fc609f]" name="verifyHomePageTitleTest" duration-ms="8" started-at="2018-02-10T20:02:47Z" finished-at="2018-02-10T20:02:47Z">
          <reporter-output>
          </reporter-output>
        </test-method> <!-- verifyHomePageTitleTest -->
        <test-method status="PASS" signature="tearDown()[pri:0, instance:com.JusDone.qa.TestCases.HomePageTest@49fc609f]" name="tearDown" is-config="true" duration-ms="328" started-at="2018-02-10T20:02:47Z" finished-at="2018-02-10T20:02:47Z">
          <reporter-output>
          </reporter-output>
        </test-method> <!-- tearDown -->
        <test-method status="PASS" signature="setUp()[pri:0, instance:com.JusDone.qa.TestCases.HomePageTest@49fc609f]" name="setUp" is-config="true" duration-ms="6849" started-at="2018-02-10T20:02:47Z" finished-at="2018-02-10T20:02:54Z">
          <reporter-output>
          </reporter-output>
        </test-method> <!-- setUp -->
        <test-method status="PASS" signature="verifyJusDoneLogoTest()[pri:2, instance:com.JusDone.qa.TestCases.HomePageTest@49fc609f]" name="verifyJusDoneLogoTest" duration-ms="59" started-at="2018-02-10T20:02:54Z" finished-at="2018-02-10T20:02:54Z">
          <reporter-output>
          </reporter-output>
        </test-method> <!-- verifyJusDoneLogoTest -->
        <test-method status="PASS" signature="tearDown()[pri:0, instance:com.JusDone.qa.TestCases.HomePageTest@49fc609f]" name="tearDown" is-config="true" duration-ms="345" started-at="2018-02-10T20:02:54Z" finished-at="2018-02-10T20:02:54Z">
          <reporter-output>
          </reporter-output>
        </test-method> <!-- tearDown -->
        <test-method status="PASS" signature="setUp()[pri:0, instance:com.JusDone.qa.TestCases.HomePageTest@49fc609f]" name="setUp" is-config="true" duration-ms="6919" started-at="2018-02-10T20:02:54Z" finished-at="2018-02-10T20:03:01Z">
          <reporter-output>
          </reporter-output>
        </test-method> <!-- setUp -->
        <test-method status="PASS" signature="verifySignUpLogoTest()[pri:3, instance:com.JusDone.qa.TestCases.HomePageTest@49fc609f]" name="verifySignUpLogoTest" duration-ms="63" started-at="2018-02-10T20:03:01Z" finished-at="2018-02-10T20:03:01Z">
          <reporter-output>
          </reporter-output>
        </test-method> <!-- verifySignUpLogoTest -->
        <test-method status="PASS" signature="tearDown()[pri:0, instance:com.JusDone.qa.TestCases.HomePageTest@49fc609f]" name="tearDown" is-config="true" duration-ms="275" started-at="2018-02-10T20:03:01Z" finished-at="2018-02-10T20:03:02Z">
          <reporter-output>
          </reporter-output>
        </test-method> <!-- tearDown -->
        <test-method status="PASS" signature="setUp()[pri:0, instance:com.JusDone.qa.TestCases.HomePageTest@49fc609f]" name="setUp" is-config="true" duration-ms="7120" started-at="2018-02-10T20:03:02Z" finished-at="2018-02-10T20:03:09Z">
          <reporter-output>
          </reporter-output>
        </test-method> <!-- setUp -->
        <test-method status="PASS" signature="verifyLoginLogoTest()[pri:4, instance:com.JusDone.qa.TestCases.HomePageTest@49fc609f]" name="verifyLoginLogoTest" duration-ms="55" started-at="2018-02-10T20:03:09Z" finished-at="2018-02-10T20:03:09Z">
          <reporter-output>
          </reporter-output>
        </test-method> <!-- verifyLoginLogoTest -->
        <test-method status="PASS" signature="tearDown()[pri:0, instance:com.JusDone.qa.TestCases.HomePageTest@49fc609f]" name="tearDown" is-config="true" duration-ms="364" started-at="2018-02-10T20:03:09Z" finished-at="2018-02-10T20:03:09Z">
          <reporter-output>
          </reporter-output>
        </test-method> <!-- tearDown -->
        <test-method status="PASS" signature="setUp()[pri:0, instance:com.JusDone.qa.TestCases.HomePageTest@49fc609f]" name="setUp" is-config="true" duration-ms="6919" started-at="2018-02-10T20:03:09Z" finished-at="2018-02-10T20:03:16Z">
          <reporter-output>
          </reporter-output>
        </test-method> <!-- setUp -->
        <test-method status="PASS" signature="verifyContactUsLogoTest()[pri:5, instance:com.JusDone.qa.TestCases.HomePageTest@49fc609f]" name="verifyContactUsLogoTest" duration-ms="61" started-at="2018-02-10T20:03:16Z" finished-at="2018-02-10T20:03:16Z">
          <reporter-output>
          </reporter-output>
        </test-method> <!-- verifyContactUsLogoTest -->
        <test-method status="PASS" signature="tearDown()[pri:0, instance:com.JusDone.qa.TestCases.HomePageTest@49fc609f]" name="tearDown" is-config="true" duration-ms="294" started-at="2018-02-10T20:03:16Z" finished-at="2018-02-10T20:03:17Z">
          <reporter-output>
          </reporter-output>
        </test-method> <!-- tearDown -->
        <test-method status="PASS" signature="setUp()[pri:0, instance:com.JusDone.qa.TestCases.HomePageTest@49fc609f]" name="setUp" is-config="true" duration-ms="6947" started-at="2018-02-10T20:03:17Z" finished-at="2018-02-10T20:03:23Z">
          <reporter-output>
          </reporter-output>
        </test-method> <!-- setUp -->
        <test-method status="PASS" signature="verifyAboutUsLogoTest()[pri:6, instance:com.JusDone.qa.TestCases.HomePageTest@49fc609f]" name="verifyAboutUsLogoTest" duration-ms="53" started-at="2018-02-10T20:03:23Z" finished-at="2018-02-10T20:03:24Z">
          <reporter-output>
          </reporter-output>
        </test-method> <!-- verifyAboutUsLogoTest -->
        <test-method status="PASS" signature="tearDown()[pri:0, instance:com.JusDone.qa.TestCases.HomePageTest@49fc609f]" name="tearDown" is-config="true" duration-ms="280" started-at="2018-02-10T20:03:24Z" finished-at="2018-02-10T20:03:24Z">
          <reporter-output>
          </reporter-output>
        </test-method> <!-- tearDown -->
        <test-method status="PASS" signature="setUp()[pri:0, instance:com.JusDone.qa.TestCases.HomePageTest@49fc609f]" name="setUp" is-config="true" duration-ms="6939" started-at="2018-02-10T20:03:24Z" finished-at="2018-02-10T20:03:31Z">
          <reporter-output>
          </reporter-output>
        </test-method> <!-- setUp -->
        <test-method status="PASS" signature="ClickOnSignupLogoTest()[pri:7, instance:com.JusDone.qa.TestCases.HomePageTest@49fc609f]" name="ClickOnSignupLogoTest" duration-ms="3015" started-at="2018-02-10T20:03:31Z" finished-at="2018-02-10T20:03:34Z">
          <reporter-output>
          </reporter-output>
        </test-method> <!-- ClickOnSignupLogoTest -->
        <test-method status="PASS" signature="tearDown()[pri:0, instance:com.JusDone.qa.TestCases.HomePageTest@49fc609f]" name="tearDown" is-config="true" duration-ms="273" started-at="2018-02-10T20:03:34Z" finished-at="2018-02-10T20:03:34Z">
          <reporter-output>
          </reporter-output>
        </test-method> <!-- tearDown -->
        <test-method status="PASS" signature="setUp()[pri:0, instance:com.JusDone.qa.TestCases.HomePageTest@49fc609f]" name="setUp" is-config="true" duration-ms="8437" started-at="2018-02-10T20:03:34Z" finished-at="2018-02-10T20:03:42Z">
          <reporter-output>
          </reporter-output>
        </test-method> <!-- setUp -->
        <test-method status="PASS" signature="ClickLoginBtnTest()[pri:8, instance:com.JusDone.qa.TestCases.HomePageTest@49fc609f]" name="ClickLoginBtnTest" duration-ms="6254" started-at="2018-02-10T20:03:42Z" finished-at="2018-02-10T20:03:49Z">
          <reporter-output>
          </reporter-output>
        </test-method> <!-- ClickLoginBtnTest -->
        <test-method status="PASS" signature="tearDown()[pri:0, instance:com.JusDone.qa.TestCases.HomePageTest@49fc609f]" name="tearDown" is-config="true" duration-ms="251" started-at="2018-02-10T20:03:49Z" finished-at="2018-02-10T20:03:49Z">
          <reporter-output>
          </reporter-output>
        </test-method> <!-- tearDown -->
      </class> <!-- com.JusDone.qa.TestCases.HomePageTest -->
    </test> <!-- Hi -->
  </suite> <!-- JusDone Application Test Automation Test Suite -->
</testng-results>
