<?xml version="1.0" encoding="UTF-8"?>
<!-- Generated by org.testng.reporters.JUnitXMLReporter -->
<testsuite hostname="Nallans-NewPC" ignored="0" name="TaskPageTests" tests="4" failures="0" timestamp="06 Feb 2018 01:07:52 GMT" time="115.322" errors="0">
  <testcase name="verifyCreateNewTaskLinkTest" time="3.054" classname="com.JusDone.qa.TestCases.TaskPageTest"/>
  <testcase name="verifyMembersLinkTest" time="0.033" classname="com.JusDone.qa.TestCases.TaskPageTest"/>
  <testcase name="verifySettingsLinkTest" time="0.034" classname="com.JusDone.qa.TestCases.TaskPageTest"/>
  <testcase name="ClickCreateNewTaskLinkTest" time="4.333" classname="com.JusDone.qa.TestCases.TaskPageTest"/>
</testsuite> <!-- TaskPageTests -->
